{"/Users/ai/.openclaw/workspace/farm-game-ecs/src/components.ts": {"path":"/Users/ai/.openclaw/workspace/farm-game-ecs/src/components.ts","statementMap":{"0":{"start":{"line":1758,"column":0},"end":{"line":1758,"column":16}},"1":{"start":{"line":1765,"column":0},"end":{"line":1765,"column":16}},"2":{"start":{"line":1769,"column":0},"end":{"line":1769,"column":16}},"3":{"start":{"line":1781,"column":0},"end":{"line":1781,"column":16}},"4":{"start":{"line":1788,"column":0},"end":{"line":1788,"column":16}},"5":{"start":{"line":43,"column":9},"end":{"line":43,"column":27}},"6":{"start":{"line":44,"column":9},"end":{"line":44,"column":34}},"7":{"start":{"line":45,"column":9},"end":{"line":45,"column":33}},"8":{"start":{"line":46,"column":9},"end":{"line":46,"column":26}},"9":{"start":{"line":47,"column":9},"end":{"line":47,"column":27}},"10":{"start":{"line":48,"column":9},"end":{"line":48,"column":25}},"11":{"start":{"line":49,"column":9},"end":{"line":49,"column":30}},"12":{"start":{"line":50,"column":9},"end":{"line":50,"column":31}},"13":{"start":{"line":53,"column":4},"end":{"line":53,"column":32}},"14":{"start":{"line":40,"column":0},"end":{"line":40,"column":13}},"15":{"start":{"line":41,"column":25},"end":{"line":41,"column":43}},"16":{"start":{"line":64,"column":9},"end":{"line":64,"column":23}},"17":{"start":{"line":65,"column":9},"end":{"line":65,"column":23}},"18":{"start":{"line":66,"column":9},"end":{"line":66,"column":30}},"19":{"start":{"line":69,"column":4},"end":{"line":69,"column":15}},"20":{"start":{"line":70,"column":4},"end":{"line":70,"column":15}},"21":{"start":{"line":71,"column":4},"end":{"line":71,"column":29}},"22":{"start":{"line":61,"column":0},"end":{"line":61,"column":13}},"23":{"start":{"line":62,"column":25},"end":{"line":62,"column":43}},"24":{"start":{"line":82,"column":9},"end":{"line":82,"column":27}},"25":{"start":{"line":83,"column":9},"end":{"line":83,"column":28}},"26":{"start":{"line":86,"column":4},"end":{"line":86,"column":23}},"27":{"start":{"line":87,"column":4},"end":{"line":87,"column":25}},"28":{"start":{"line":79,"column":0},"end":{"line":79,"column":13}},"29":{"start":{"line":80,"column":25},"end":{"line":80,"column":45}},"30":{"start":{"line":102,"column":9},"end":{"line":108,"column":4}},"31":{"start":{"line":110,"column":9},"end":{"line":116,"column":4}},"32":{"start":{"line":118,"column":9},"end":{"line":124,"column":4}},"33":{"start":{"line":127,"column":4},"end":{"line":127,"column":32}},"34":{"start":{"line":131,"column":4},"end":{"line":131,"column":44}},"35":{"start":{"line":131,"column":31},"end":{"line":131,"column":44}},"36":{"start":{"line":132,"column":4},"end":{"line":132,"column":76}},"37":{"start":{"line":132,"column":63},"end":{"line":132,"column":76}},"38":{"start":{"line":134,"column":4},"end":{"line":134,"column":35}},"39":{"start":{"line":135,"column":4},"end":{"line":135,"column":16}},"40":{"start":{"line":139,"column":4},"end":{"line":139,"column":44}},"41":{"start":{"line":139,"column":31},"end":{"line":139,"column":44}},"42":{"start":{"line":140,"column":4},"end":{"line":140,"column":56}},"43":{"start":{"line":140,"column":43},"end":{"line":140,"column":56}},"44":{"start":{"line":142,"column":4},"end":{"line":142,"column":35}},"45":{"start":{"line":143,"column":4},"end":{"line":143,"column":16}},"46":{"start":{"line":99,"column":0},"end":{"line":99,"column":13}},"47":{"start":{"line":100,"column":25},"end":{"line":100,"column":43}},"48":{"start":{"line":154,"column":9},"end":{"line":154,"column":26}},"49":{"start":{"line":155,"column":9},"end":{"line":155,"column":36}},"50":{"start":{"line":156,"column":9},"end":{"line":156,"column":39}},"51":{"start":{"line":157,"column":9},"end":{"line":157,"column":34}},"52":{"start":{"line":158,"column":9},"end":{"line":158,"column":31}},"53":{"start":{"line":159,"column":9},"end":{"line":159,"column":37}},"54":{"start":{"line":162,"column":4},"end":{"line":162,"column":32}},"55":{"start":{"line":170,"column":4},"end":{"line":170,"column":57}},"56":{"start":{"line":151,"column":0},"end":{"line":151,"column":13}},"57":{"start":{"line":152,"column":25},"end":{"line":152,"column":45}},"58":{"start":{"line":185,"column":9},"end":{"line":185,"column":59}},"59":{"start":{"line":186,"column":9},"end":{"line":186,"column":32}},"60":{"start":{"line":187,"column":9},"end":{"line":187,"column":30}},"61":{"start":{"line":188,"column":9},"end":{"line":188,"column":33}},"62":{"start":{"line":191,"column":4},"end":{"line":191,"column":32}},"63":{"start":{"line":182,"column":0},"end":{"line":182,"column":13}},"64":{"start":{"line":183,"column":25},"end":{"line":183,"column":39}},"65":{"start":{"line":201,"column":9},"end":{"line":201,"column":33}},"66":{"start":{"line":202,"column":9},"end":{"line":202,"column":36}},"67":{"start":{"line":203,"column":9},"end":{"line":203,"column":32}},"68":{"start":{"line":204,"column":9},"end":{"line":204,"column":41}},"69":{"start":{"line":205,"column":9},"end":{"line":205,"column":27}},"70":{"start":{"line":206,"column":9},"end":{"line":206,"column":31}},"71":{"start":{"line":207,"column":9},"end":{"line":207,"column":36}},"72":{"start":{"line":210,"column":4},"end":{"line":210,"column":32}},"73":{"start":{"line":214,"column":4},"end":{"line":214,"column":65}},"74":{"start":{"line":198,"column":0},"end":{"line":198,"column":13}},"75":{"start":{"line":199,"column":25},"end":{"line":199,"column":39}},"76":{"start":{"line":224,"column":9},"end":{"line":224,"column":36}},"77":{"start":{"line":225,"column":9},"end":{"line":225,"column":35}},"78":{"start":{"line":226,"column":9},"end":{"line":226,"column":32}},"79":{"start":{"line":227,"column":9},"end":{"line":227,"column":36}},"80":{"start":{"line":228,"column":9},"end":{"line":228,"column":25}},"81":{"start":{"line":229,"column":9},"end":{"line":229,"column":30}},"82":{"start":{"line":230,"column":9},"end":{"line":230,"column":30}},"83":{"start":{"line":233,"column":4},"end":{"line":233,"column":32}},"84":{"start":{"line":237,"column":4},"end":{"line":237,"column":62}},"85":{"start":{"line":221,"column":0},"end":{"line":221,"column":13}},"86":{"start":{"line":222,"column":25},"end":{"line":222,"column":41}},"87":{"start":{"line":247,"column":9},"end":{"line":247,"column":39}},"88":{"start":{"line":248,"column":9},"end":{"line":248,"column":27}},"89":{"start":{"line":249,"column":9},"end":{"line":249,"column":34}},"90":{"start":{"line":250,"column":9},"end":{"line":250,"column":37}},"91":{"start":{"line":251,"column":9},"end":{"line":251,"column":52}},"92":{"start":{"line":254,"column":4},"end":{"line":254,"column":32}},"93":{"start":{"line":258,"column":4},"end":{"line":261,"column":5}},"94":{"start":{"line":259,"column":6},"end":{"line":259,"column":24}},"95":{"start":{"line":260,"column":6},"end":{"line":260,"column":18}},"96":{"start":{"line":262,"column":4},"end":{"line":262,"column":17}},"97":{"start":{"line":266,"column":4},"end":{"line":270,"column":5}},"98":{"start":{"line":267,"column":6},"end":{"line":267,"column":43}},"99":{"start":{"line":269,"column":6},"end":{"line":269,"column":32}},"100":{"start":{"line":271,"column":4},"end":{"line":271,"column":16}},"101":{"start":{"line":244,"column":0},"end":{"line":244,"column":13}},"102":{"start":{"line":245,"column":25},"end":{"line":245,"column":39}},"103":{"start":{"line":281,"column":9},"end":{"line":281,"column":31}},"104":{"start":{"line":282,"column":9},"end":{"line":282,"column":40}},"105":{"start":{"line":283,"column":9},"end":{"line":283,"column":29}},"106":{"start":{"line":284,"column":9},"end":{"line":284,"column":33}},"107":{"start":{"line":285,"column":9},"end":{"line":285,"column":36}},"108":{"start":{"line":286,"column":9},"end":{"line":286,"column":37}},"109":{"start":{"line":289,"column":4},"end":{"line":289,"column":32}},"110":{"start":{"line":293,"column":4},"end":{"line":293,"column":62}},"111":{"start":{"line":278,"column":0},"end":{"line":278,"column":13}},"112":{"start":{"line":279,"column":25},"end":{"line":279,"column":43}},"113":{"start":{"line":303,"column":9},"end":{"line":308,"column":4}},"114":{"start":{"line":310,"column":9},"end":{"line":316,"column":10}},"115":{"start":{"line":318,"column":9},"end":{"line":318,"column":32}},"116":{"start":{"line":319,"column":9},"end":{"line":319,"column":27}},"117":{"start":{"line":320,"column":9},"end":{"line":320,"column":28}},"118":{"start":{"line":323,"column":4},"end":{"line":323,"column":32}},"119":{"start":{"line":327,"column":24},"end":{"line":327,"column":40}},"120":{"start":{"line":328,"column":4},"end":{"line":334,"column":5}},"121":{"start":{"line":329,"column":6},"end":{"line":329,"column":19}},"122":{"start":{"line":330,"column":6},"end":{"line":330,"column":65}},"123":{"start":{"line":331,"column":6},"end":{"line":331,"column":33}},"124":{"start":{"line":332,"column":6},"end":{"line":332,"column":30}},"125":{"start":{"line":333,"column":6},"end":{"line":333,"column":18}},"126":{"start":{"line":336,"column":4},"end":{"line":336,"column":30}},"127":{"start":{"line":337,"column":4},"end":{"line":337,"column":17}},"128":{"start":{"line":300,"column":0},"end":{"line":300,"column":13}},"129":{"start":{"line":301,"column":25},"end":{"line":301,"column":44}},"130":{"start":{"line":352,"column":9},"end":{"line":361,"column":10}},"131":{"start":{"line":364,"column":4},"end":{"line":364,"column":32}},"132":{"start":{"line":368,"column":4},"end":{"line":371,"column":6}},"133":{"start":{"line":369,"column":11},"end":{"line":370,"column":60}},"134":{"start":{"line":349,"column":0},"end":{"line":349,"column":13}},"135":{"start":{"line":350,"column":25},"end":{"line":350,"column":46}},"136":{"start":{"line":382,"column":9},"end":{"line":382,"column":28}},"137":{"start":{"line":383,"column":9},"end":{"line":387,"column":10}},"138":{"start":{"line":388,"column":9},"end":{"line":392,"column":4}},"139":{"start":{"line":395,"column":4},"end":{"line":395,"column":32}},"140":{"start":{"line":402,"column":4},"end":{"line":404,"column":6}},"141":{"start":{"line":403,"column":24},"end":{"line":403,"column":54}},"142":{"start":{"line":379,"column":0},"end":{"line":379,"column":13}},"143":{"start":{"line":380,"column":25},"end":{"line":380,"column":42}},"144":{"start":{"line":418,"column":9},"end":{"line":418,"column":29}},"145":{"start":{"line":419,"column":9},"end":{"line":419,"column":29}},"146":{"start":{"line":420,"column":9},"end":{"line":420,"column":35}},"147":{"start":{"line":421,"column":9},"end":{"line":421,"column":29}},"148":{"start":{"line":422,"column":9},"end":{"line":422,"column":32}},"149":{"start":{"line":423,"column":9},"end":{"line":423,"column":38}},"150":{"start":{"line":424,"column":9},"end":{"line":424,"column":42}},"151":{"start":{"line":425,"column":9},"end":{"line":425,"column":50}},"152":{"start":{"line":428,"column":4},"end":{"line":428,"column":32}},"153":{"start":{"line":432,"column":23},"end":{"line":432,"column":34}},"154":{"start":{"line":433,"column":17},"end":{"line":433,"column":52}},"155":{"start":{"line":434,"column":4},"end":{"line":434,"column":68}},"156":{"start":{"line":415,"column":0},"end":{"line":415,"column":13}},"157":{"start":{"line":416,"column":25},"end":{"line":416,"column":41}},"158":{"start":{"line":445,"column":9},"end":{"line":453,"column":10}},"159":{"start":{"line":456,"column":4},"end":{"line":456,"column":32}},"160":{"start":{"line":466,"column":21},"end":{"line":466,"column":83}},"161":{"start":{"line":466,"column":44},"end":{"line":466,"column":82}},"162":{"start":{"line":467,"column":4},"end":{"line":475,"column":5}},"163":{"start":{"line":468,"column":6},"end":{"line":468,"column":26}},"164":{"start":{"line":469,"column":6},"end":{"line":469,"column":35}},"165":{"start":{"line":471,"column":6},"end":{"line":474,"column":9}},"166":{"start":{"line":479,"column":18},"end":{"line":480,"column":null}},"167":{"start":{"line":480,"column":11},"end":{"line":480,"column":62}},"168":{"start":{"line":482,"column":4},"end":{"line":484,"column":5}},"169":{"start":{"line":483,"column":6},"end":{"line":483,"column":36}},"170":{"start":{"line":488,"column":4},"end":{"line":491,"column":7}},"171":{"start":{"line":489,"column":6},"end":{"line":489,"column":23}},"172":{"start":{"line":490,"column":6},"end":{"line":490,"column":28}},"173":{"start":{"line":442,"column":0},"end":{"line":442,"column":13}},"174":{"start":{"line":443,"column":25},"end":{"line":443,"column":41}},"175":{"start":{"line":506,"column":9},"end":{"line":506,"column":29}},"176":{"start":{"line":507,"column":9},"end":{"line":507,"column":30}},"177":{"start":{"line":508,"column":9},"end":{"line":508,"column":33}},"178":{"start":{"line":511,"column":4},"end":{"line":511,"column":32}},"179":{"start":{"line":515,"column":4},"end":{"line":518,"column":5}},"180":{"start":{"line":515,"column":17},"end":{"line":515,"column":41}},"181":{"start":{"line":516,"column":16},"end":{"line":516,"column":51}},"182":{"start":{"line":517,"column":6},"end":{"line":517,"column":82}},"183":{"start":{"line":522,"column":4},"end":{"line":528,"column":5}},"184":{"start":{"line":524,"column":6},"end":{"line":524,"column":53}},"185":{"start":{"line":524,"column":41},"end":{"line":524,"column":53}},"186":{"start":{"line":525,"column":6},"end":{"line":525,"column":44}},"187":{"start":{"line":526,"column":6},"end":{"line":526,"column":28}},"188":{"start":{"line":527,"column":6},"end":{"line":527,"column":29}},"189":{"start":{"line":529,"column":4},"end":{"line":529,"column":31}},"190":{"start":{"line":533,"column":4},"end":{"line":533,"column":32}},"191":{"start":{"line":503,"column":0},"end":{"line":503,"column":13}},"192":{"start":{"line":504,"column":25},"end":{"line":504,"column":39}},"193":{"start":{"line":544,"column":9},"end":{"line":544,"column":27}},"194":{"start":{"line":545,"column":9},"end":{"line":545,"column":33}},"195":{"start":{"line":548,"column":4},"end":{"line":548,"column":32}},"196":{"start":{"line":552,"column":4},"end":{"line":552,"column":60}},"197":{"start":{"line":552,"column":47},"end":{"line":552,"column":60}},"198":{"start":{"line":553,"column":4},"end":{"line":553,"column":26}},"199":{"start":{"line":554,"column":4},"end":{"line":554,"column":16}},"200":{"start":{"line":558,"column":18},"end":{"line":558,"column":76}},"201":{"start":{"line":558,"column":44},"end":{"line":558,"column":75}},"202":{"start":{"line":559,"column":4},"end":{"line":561,"column":5}},"203":{"start":{"line":560,"column":6},"end":{"line":560,"column":44}},"204":{"start":{"line":562,"column":4},"end":{"line":562,"column":16}},"205":{"start":{"line":541,"column":0},"end":{"line":541,"column":13}},"206":{"start":{"line":542,"column":25},"end":{"line":542,"column":39}},"207":{"start":{"line":573,"column":9},"end":{"line":573,"column":29}},"208":{"start":{"line":574,"column":9},"end":{"line":574,"column":26}},"209":{"start":{"line":575,"column":9},"end":{"line":575,"column":34}},"210":{"start":{"line":578,"column":4},"end":{"line":578,"column":32}},"211":{"start":{"line":582,"column":4},"end":{"line":585,"column":5}},"212":{"start":{"line":583,"column":6},"end":{"line":583,"column":29}},"213":{"start":{"line":584,"column":6},"end":{"line":584,"column":18}},"214":{"start":{"line":586,"column":4},"end":{"line":586,"column":17}},"215":{"start":{"line":590,"column":4},"end":{"line":590,"column":72}},"216":{"start":{"line":570,"column":0},"end":{"line":570,"column":13}},"217":{"start":{"line":571,"column":25},"end":{"line":571,"column":41}},"218":{"start":{"line":642,"column":9},"end":{"line":642,"column":30}},"219":{"start":{"line":643,"column":9},"end":{"line":643,"column":40}},"220":{"start":{"line":644,"column":9},"end":{"line":644,"column":43}},"221":{"start":{"line":645,"column":9},"end":{"line":645,"column":45}},"222":{"start":{"line":648,"column":4},"end":{"line":648,"column":32}},"223":{"start":{"line":655,"column":4},"end":{"line":655,"column":63}},"224":{"start":{"line":655,"column":30},"end":{"line":655,"column":47}},"225":{"start":{"line":655,"column":50},"end":{"line":655,"column":63}},"226":{"start":{"line":656,"column":4},"end":{"line":656,"column":28}},"227":{"start":{"line":657,"column":4},"end":{"line":657,"column":16}},"228":{"start":{"line":668,"column":4},"end":{"line":687,"column":7}},"229":{"start":{"line":669,"column":6},"end":{"line":669,"column":53}},"230":{"start":{"line":669,"column":46},"end":{"line":669,"column":53}},"231":{"start":{"line":671,"column":6},"end":{"line":686,"column":9}},"232":{"start":{"line":672,"column":8},"end":{"line":685,"column":9}},"233":{"start":{"line":675,"column":10},"end":{"line":678,"column":12}},"234":{"start":{"line":680,"column":10},"end":{"line":682,"column":11}},"235":{"start":{"line":681,"column":12},"end":{"line":681,"column":39}},"236":{"start":{"line":684,"column":10},"end":{"line":684,"column":43}},"237":{"start":{"line":694,"column":25},"end":{"line":694,"column":65}},"238":{"start":{"line":694,"column":53},"end":{"line":694,"column":64}},"239":{"start":{"line":695,"column":4},"end":{"line":700,"column":5}},"240":{"start":{"line":696,"column":6},"end":{"line":696,"column":29}},"241":{"start":{"line":697,"column":6},"end":{"line":697,"column":42}},"242":{"start":{"line":698,"column":6},"end":{"line":698,"column":44}},"243":{"start":{"line":699,"column":6},"end":{"line":699,"column":18}},"244":{"start":{"line":701,"column":4},"end":{"line":701,"column":17}},"245":{"start":{"line":708,"column":18},"end":{"line":708,"column":57}},"246":{"start":{"line":708,"column":40},"end":{"line":708,"column":56}},"247":{"start":{"line":709,"column":4},"end":{"line":709,"column":66}},"248":{"start":{"line":709,"column":53},"end":{"line":709,"column":66}},"249":{"start":{"line":711,"column":4},"end":{"line":711,"column":25}},"250":{"start":{"line":712,"column":4},"end":{"line":712,"column":25}},"251":{"start":{"line":719,"column":16},"end":{"line":719,"column":26}},"252":{"start":{"line":720,"column":4},"end":{"line":724,"column":5}},"253":{"start":{"line":721,"column":6},"end":{"line":721,"column":61}},"254":{"start":{"line":721,"column":44},"end":{"line":721,"column":59}},"255":{"start":{"line":722,"column":6},"end":{"line":722,"column":32}},"256":{"start":{"line":723,"column":6},"end":{"line":723,"column":32}},"257":{"start":{"line":731,"column":4},"end":{"line":731,"column":62}},"258":{"start":{"line":731,"column":35},"end":{"line":731,"column":60}},"259":{"start":{"line":738,"column":4},"end":{"line":738,"column":63}},"260":{"start":{"line":738,"column":35},"end":{"line":738,"column":61}},"261":{"start":{"line":639,"column":0},"end":{"line":639,"column":13}},"262":{"start":{"line":640,"column":25},"end":{"line":640,"column":40}},"263":{"start":{"line":784,"column":9},"end":{"line":784,"column":42}},"264":{"start":{"line":785,"column":9},"end":{"line":785,"column":33}},"265":{"start":{"line":786,"column":9},"end":{"line":786,"column":35}},"266":{"start":{"line":787,"column":9},"end":{"line":787,"column":32}},"267":{"start":{"line":790,"column":4},"end":{"line":790,"column":32}},"268":{"start":{"line":791,"column":4},"end":{"line":791,"column":47}},"269":{"start":{"line":798,"column":4},"end":{"line":798,"column":75}},"270":{"start":{"line":798,"column":36},"end":{"line":798,"column":59}},"271":{"start":{"line":798,"column":62},"end":{"line":798,"column":75}},"272":{"start":{"line":799,"column":4},"end":{"line":799,"column":40}},"273":{"start":{"line":800,"column":4},"end":{"line":800,"column":47}},"274":{"start":{"line":801,"column":4},"end":{"line":801,"column":16}},"275":{"start":{"line":812,"column":41},"end":{"line":812,"column":43}},"276":{"start":{"line":814,"column":4},"end":{"line":836,"column":7}},"277":{"start":{"line":815,"column":6},"end":{"line":815,"column":39}},"278":{"start":{"line":815,"column":32},"end":{"line":815,"column":39}},"279":{"start":{"line":817,"column":6},"end":{"line":835,"column":9}},"280":{"start":{"line":818,"column":8},"end":{"line":834,"column":9}},"281":{"start":{"line":820,"column":10},"end":{"line":823,"column":12}},"282":{"start":{"line":826,"column":10},"end":{"line":833,"column":11}},"283":{"start":{"line":827,"column":12},"end":{"line":827,"column":40}},"284":{"start":{"line":828,"column":12},"end":{"line":828,"column":48}},"285":{"start":{"line":829,"column":12},"end":{"line":829,"column":33}},"286":{"start":{"line":830,"column":12},"end":{"line":830,"column":51}},"287":{"start":{"line":831,"column":12},"end":{"line":831,"column":44}},"288":{"start":{"line":832,"column":12},"end":{"line":832,"column":80}},"289":{"start":{"line":838,"column":4},"end":{"line":838,"column":25}},"290":{"start":{"line":845,"column":4},"end":{"line":845,"column":82}},"291":{"start":{"line":845,"column":45},"end":{"line":845,"column":80}},"292":{"start":{"line":852,"column":4},"end":{"line":852,"column":53}},"293":{"start":{"line":852,"column":41},"end":{"line":852,"column":51}},"294":{"start":{"line":859,"column":4},"end":{"line":859,"column":66}},"295":{"start":{"line":859,"column":41},"end":{"line":859,"column":64}},"296":{"start":{"line":866,"column":4},"end":{"line":866,"column":68}},"297":{"start":{"line":781,"column":0},"end":{"line":781,"column":13}},"298":{"start":{"line":782,"column":25},"end":{"line":782,"column":46}},"299":{"start":{"line":898,"column":9},"end":{"line":898,"column":34}},"300":{"start":{"line":899,"column":9},"end":{"line":899,"column":31}},"301":{"start":{"line":900,"column":9},"end":{"line":900,"column":46}},"302":{"start":{"line":901,"column":9},"end":{"line":901,"column":37}},"303":{"start":{"line":904,"column":4},"end":{"line":904,"column":32}},"304":{"start":{"line":905,"column":4},"end":{"line":905,"column":35}},"305":{"start":{"line":912,"column":4},"end":{"line":935,"column":5}},"306":{"start":{"line":912,"column":17},"end":{"line":912,"column":18}},"307":{"start":{"line":913,"column":49},"end":{"line":932,"column":8}},"308":{"start":{"line":934,"column":6},"end":{"line":934,"column":36}},"309":{"start":{"line":942,"column":4},"end":{"line":942,"column":32}},"310":{"start":{"line":942,"column":20},"end":{"line":942,"column":32}},"311":{"start":{"line":943,"column":4},"end":{"line":943,"column":33}},"312":{"start":{"line":943,"column":21},"end":{"line":943,"column":33}},"313":{"start":{"line":944,"column":4},"end":{"line":944,"column":33}},"314":{"start":{"line":944,"column":21},"end":{"line":944,"column":33}},"315":{"start":{"line":945,"column":4},"end":{"line":945,"column":33}},"316":{"start":{"line":945,"column":21},"end":{"line":945,"column":33}},"317":{"start":{"line":946,"column":4},"end":{"line":946,"column":16}},"318":{"start":{"line":953,"column":30},"end":{"line":953,"column":45}},"319":{"start":{"line":954,"column":22},"end":{"line":954,"column":38}},"320":{"start":{"line":955,"column":24},"end":{"line":955,"column":40}},"321":{"start":{"line":956,"column":4},"end":{"line":956,"column":91}},"322":{"start":{"line":963,"column":4},"end":{"line":963,"column":82}},"323":{"start":{"line":963,"column":33},"end":{"line":963,"column":62}},"324":{"start":{"line":970,"column":4},"end":{"line":970,"column":57}},"325":{"start":{"line":970,"column":44},"end":{"line":970,"column":57}},"326":{"start":{"line":971,"column":22},"end":{"line":971,"column":78}},"327":{"start":{"line":971,"column":44},"end":{"line":971,"column":77}},"328":{"start":{"line":972,"column":4},"end":{"line":972,"column":56}},"329":{"start":{"line":972,"column":43},"end":{"line":972,"column":56}},"330":{"start":{"line":974,"column":4},"end":{"line":974,"column":24}},"331":{"start":{"line":975,"column":4},"end":{"line":975,"column":57}},"332":{"start":{"line":976,"column":4},"end":{"line":976,"column":70}},"333":{"start":{"line":977,"column":4},"end":{"line":977,"column":16}},"334":{"start":{"line":984,"column":24},"end":{"line":984,"column":64}},"335":{"start":{"line":984,"column":46},"end":{"line":984,"column":63}},"336":{"start":{"line":985,"column":4},"end":{"line":985,"column":59}},"337":{"start":{"line":985,"column":46},"end":{"line":985,"column":59}},"338":{"start":{"line":987,"column":4},"end":{"line":987,"column":32}},"339":{"start":{"line":988,"column":4},"end":{"line":988,"column":58}},"340":{"start":{"line":989,"column":4},"end":{"line":989,"column":16}},"341":{"start":{"line":996,"column":4},"end":{"line":996,"column":47}},"342":{"start":{"line":996,"column":35},"end":{"line":996,"column":45}},"343":{"start":{"line":895,"column":0},"end":{"line":895,"column":13}},"344":{"start":{"line":896,"column":25},"end":{"line":896,"column":45}},"345":{"start":{"line":1026,"column":9},"end":{"line":1026,"column":44}},"346":{"start":{"line":1027,"column":9},"end":{"line":1027,"column":38}},"347":{"start":{"line":1030,"column":4},"end":{"line":1030,"column":32}},"348":{"start":{"line":1042,"column":15},"end":{"line":1042,"column":80}},"349":{"start":{"line":1044,"column":39},"end":{"line":1055,"column":6}},"350":{"start":{"line":1058,"column":4},"end":{"line":1058,"column":42}},"351":{"start":{"line":1059,"column":4},"end":{"line":1059,"column":63}},"352":{"start":{"line":1059,"column":38},"end":{"line":1059,"column":61}},"353":{"start":{"line":1062,"column":4},"end":{"line":1064,"column":5}},"354":{"start":{"line":1063,"column":6},"end":{"line":1063,"column":78}},"355":{"start":{"line":1066,"column":4},"end":{"line":1066,"column":14}},"356":{"start":{"line":1073,"column":16},"end":{"line":1073,"column":26}},"357":{"start":{"line":1074,"column":4},"end":{"line":1074,"column":85}},"358":{"start":{"line":1074,"column":42},"end":{"line":1074,"column":83}},"359":{"start":{"line":1081,"column":25},"end":{"line":1081,"column":78}},"360":{"start":{"line":1081,"column":54},"end":{"line":1081,"column":77}},"361":{"start":{"line":1082,"column":4},"end":{"line":1085,"column":5}},"362":{"start":{"line":1083,"column":6},"end":{"line":1083,"column":31}},"363":{"start":{"line":1084,"column":6},"end":{"line":1084,"column":18}},"364":{"start":{"line":1086,"column":4},"end":{"line":1086,"column":17}},"365":{"start":{"line":1093,"column":16},"end":{"line":1093,"column":26}},"366":{"start":{"line":1094,"column":4},"end":{"line":1096,"column":6}},"367":{"start":{"line":1095,"column":6},"end":{"line":1095,"column":47}},"368":{"start":{"line":1023,"column":0},"end":{"line":1023,"column":13}},"369":{"start":{"line":1024,"column":25},"end":{"line":1024,"column":47}},"370":{"start":{"line":1110,"column":9},"end":{"line":1110,"column":35}},"371":{"start":{"line":1111,"column":9},"end":{"line":1111,"column":32}},"372":{"start":{"line":1112,"column":9},"end":{"line":1112,"column":54}},"373":{"start":{"line":1113,"column":9},"end":{"line":1119,"column":10}},"374":{"start":{"line":1122,"column":4},"end":{"line":1122,"column":32}},"375":{"start":{"line":1127,"column":4},"end":{"line":1127,"column":60}},"376":{"start":{"line":1107,"column":0},"end":{"line":1107,"column":13}},"377":{"start":{"line":1108,"column":25},"end":{"line":1108,"column":40}},"378":{"start":{"line":1137,"column":9},"end":{"line":1137,"column":61}},"379":{"start":{"line":1138,"column":9},"end":{"line":1138,"column":27}},"380":{"start":{"line":1139,"column":9},"end":{"line":1139,"column":27}},"381":{"start":{"line":1140,"column":9},"end":{"line":1140,"column":28}},"382":{"start":{"line":1141,"column":9},"end":{"line":1141,"column":31}},"383":{"start":{"line":1142,"column":9},"end":{"line":1142,"column":30}},"384":{"start":{"line":1145,"column":4},"end":{"line":1145,"column":32}},"385":{"start":{"line":1149,"column":4},"end":{"line":1149,"column":17}},"386":{"start":{"line":1150,"column":4},"end":{"line":1150,"column":47}},"387":{"start":{"line":1154,"column":4},"end":{"line":1156,"column":5}},"388":{"start":{"line":1155,"column":6},"end":{"line":1155,"column":20}},"389":{"start":{"line":1157,"column":4},"end":{"line":1157,"column":19}},"390":{"start":{"line":1134,"column":0},"end":{"line":1134,"column":13}},"391":{"start":{"line":1135,"column":25},"end":{"line":1135,"column":44}},"392":{"start":{"line":1168,"column":9},"end":{"line":1177,"column":10}},"393":{"start":{"line":1180,"column":4},"end":{"line":1180,"column":32}},"394":{"start":{"line":1192,"column":21},"end":{"line":1192,"column":61}},"395":{"start":{"line":1192,"column":49},"end":{"line":1192,"column":60}},"396":{"start":{"line":1193,"column":4},"end":{"line":1199,"column":5}},"397":{"start":{"line":1194,"column":6},"end":{"line":1194,"column":29}},"398":{"start":{"line":1195,"column":6},"end":{"line":1195,"column":40}},"399":{"start":{"line":1196,"column":6},"end":{"line":1196,"column":35}},"400":{"start":{"line":1197,"column":6},"end":{"line":1197,"column":49}},"401":{"start":{"line":1197,"column":20},"end":{"line":1197,"column":49}},"402":{"start":{"line":1198,"column":6},"end":{"line":1198,"column":19}},"403":{"start":{"line":1201,"column":4},"end":{"line":1204,"column":7}},"404":{"start":{"line":1205,"column":4},"end":{"line":1205,"column":16}},"405":{"start":{"line":1210,"column":18},"end":{"line":1210,"column":58}},"406":{"start":{"line":1210,"column":46},"end":{"line":1210,"column":57}},"407":{"start":{"line":1211,"column":4},"end":{"line":1214,"column":5}},"408":{"start":{"line":1212,"column":6},"end":{"line":1212,"column":27}},"409":{"start":{"line":1213,"column":6},"end":{"line":1213,"column":18}},"410":{"start":{"line":1215,"column":4},"end":{"line":1215,"column":17}},"411":{"start":{"line":1220,"column":4},"end":{"line":1220,"column":64}},"412":{"start":{"line":1220,"column":39},"end":{"line":1220,"column":62}},"413":{"start":{"line":1225,"column":4},"end":{"line":1225,"column":51}},"414":{"start":{"line":1225,"column":41},"end":{"line":1225,"column":49}},"415":{"start":{"line":1230,"column":4},"end":{"line":1237,"column":7}},"416":{"start":{"line":1231,"column":6},"end":{"line":1236,"column":7}},"417":{"start":{"line":1232,"column":8},"end":{"line":1232,"column":29}},"418":{"start":{"line":1233,"column":8},"end":{"line":1235,"column":9}},"419":{"start":{"line":1234,"column":10},"end":{"line":1234,"column":31}},"420":{"start":{"line":1165,"column":0},"end":{"line":1165,"column":13}},"421":{"start":{"line":1166,"column":25},"end":{"line":1166,"column":40}},"422":{"start":{"line":1281,"column":9},"end":{"line":1281,"column":39}},"423":{"start":{"line":1282,"column":9},"end":{"line":1282,"column":40}},"424":{"start":{"line":1283,"column":9},"end":{"line":1283,"column":60}},"425":{"start":{"line":1284,"column":9},"end":{"line":1284,"column":42}},"426":{"start":{"line":1287,"column":4},"end":{"line":1287,"column":32}},"427":{"start":{"line":1294,"column":4},"end":{"line":1296,"column":5}},"428":{"start":{"line":1294,"column":36},"end":{"line":1294,"column":53}},"429":{"start":{"line":1295,"column":6},"end":{"line":1295,"column":35}},"430":{"start":{"line":1303,"column":4},"end":{"line":1307,"column":6}},"431":{"start":{"line":1304,"column":6},"end":{"line":1306,"column":76}},"432":{"start":{"line":1314,"column":28},"end":{"line":1314,"column":77}},"433":{"start":{"line":1315,"column":4},"end":{"line":1315,"column":50}},"434":{"start":{"line":1315,"column":38},"end":{"line":1315,"column":50}},"435":{"start":{"line":1318,"column":24},"end":{"line":1318,"column":77}},"436":{"start":{"line":1318,"column":59},"end":{"line":1318,"column":73}},"437":{"start":{"line":1319,"column":17},"end":{"line":1319,"column":44}},"438":{"start":{"line":1321,"column":4},"end":{"line":1335,"column":5}},"439":{"start":{"line":1322,"column":6},"end":{"line":1322,"column":29}},"440":{"start":{"line":1323,"column":6},"end":{"line":1334,"column":7}},"441":{"start":{"line":1325,"column":31},"end":{"line":1325,"column":43}},"442":{"start":{"line":1326,"column":8},"end":{"line":1326,"column":37}},"443":{"start":{"line":1327,"column":8},"end":{"line":1327,"column":63}},"444":{"start":{"line":1328,"column":8},"end":{"line":1328,"column":47}},"445":{"start":{"line":1331,"column":8},"end":{"line":1331,"column":55}},"446":{"start":{"line":1333,"column":8},"end":{"line":1333,"column":30}},"447":{"start":{"line":1337,"column":4},"end":{"line":1337,"column":16}},"448":{"start":{"line":1345,"column":4},"end":{"line":1349,"column":7}},"449":{"start":{"line":1346,"column":6},"end":{"line":1348,"column":7}},"450":{"start":{"line":1347,"column":8},"end":{"line":1347,"column":39}},"451":{"start":{"line":1352,"column":4},"end":{"line":1355,"column":7}},"452":{"start":{"line":1353,"column":6},"end":{"line":1353,"column":32}},"453":{"start":{"line":1354,"column":6},"end":{"line":1354,"column":41}},"454":{"start":{"line":1278,"column":0},"end":{"line":1278,"column":13}},"455":{"start":{"line":1279,"column":25},"end":{"line":1279,"column":46}},"456":{"start":{"line":1394,"column":9},"end":{"line":1394,"column":30}},"457":{"start":{"line":1395,"column":9},"end":{"line":1395,"column":35}},"458":{"start":{"line":1398,"column":4},"end":{"line":1398,"column":32}},"459":{"start":{"line":1405,"column":4},"end":{"line":1407,"column":5}},"460":{"start":{"line":1405,"column":36},"end":{"line":1405,"column":53}},"461":{"start":{"line":1406,"column":6},"end":{"line":1406,"column":35}},"462":{"start":{"line":1414,"column":24},"end":{"line":1414,"column":68}},"463":{"start":{"line":1414,"column":51},"end":{"line":1414,"column":67}},"464":{"start":{"line":1415,"column":4},"end":{"line":1415,"column":35}},"465":{"start":{"line":1415,"column":22},"end":{"line":1415,"column":35}},"466":{"start":{"line":1418,"column":4},"end":{"line":1420,"column":5}},"467":{"start":{"line":1418,"column":52},"end":{"line":1418,"column":68}},"468":{"start":{"line":1419,"column":6},"end":{"line":1419,"column":19}},"469":{"start":{"line":1423,"column":4},"end":{"line":1429,"column":5}},"470":{"start":{"line":1424,"column":23},"end":{"line":1424,"column":62}},"471":{"start":{"line":1424,"column":45},"end":{"line":1424,"column":61}},"472":{"start":{"line":1425,"column":6},"end":{"line":1428,"column":7}},"473":{"start":{"line":1426,"column":8},"end":{"line":1426,"column":30}},"474":{"start":{"line":1427,"column":8},"end":{"line":1427,"column":20}},"475":{"start":{"line":1432,"column":21},"end":{"line":1432,"column":39}},"476":{"start":{"line":1433,"column":4},"end":{"line":1433,"column":27}},"477":{"start":{"line":1434,"column":4},"end":{"line":1434,"column":28}},"478":{"start":{"line":1435,"column":4},"end":{"line":1435,"column":31}},"479":{"start":{"line":1437,"column":4},"end":{"line":1437,"column":16}},"480":{"start":{"line":1444,"column":18},"end":{"line":1444,"column":62}},"481":{"start":{"line":1444,"column":45},"end":{"line":1444,"column":61}},"482":{"start":{"line":1445,"column":4},"end":{"line":1448,"column":5}},"483":{"start":{"line":1446,"column":6},"end":{"line":1446,"column":35}},"484":{"start":{"line":1447,"column":6},"end":{"line":1447,"column":18}},"485":{"start":{"line":1449,"column":4},"end":{"line":1449,"column":17}},"486":{"start":{"line":1456,"column":35},"end":{"line":1456,"column":37}},"487":{"start":{"line":1457,"column":4},"end":{"line":1464,"column":7}},"488":{"start":{"line":1457,"column":28},"end":{"line":1457,"column":36}},"489":{"start":{"line":1458,"column":6},"end":{"line":1463,"column":9}},"490":{"start":{"line":1459,"column":8},"end":{"line":1462,"column":11}},"491":{"start":{"line":1465,"column":4},"end":{"line":1465,"column":19}},"492":{"start":{"line":1472,"column":4},"end":{"line":1474,"column":44}},"493":{"start":{"line":1473,"column":19},"end":{"line":1473,"column":57}},"494":{"start":{"line":1474,"column":26},"end":{"line":1474,"column":39}},"495":{"start":{"line":1391,"column":0},"end":{"line":1391,"column":13}},"496":{"start":{"line":1392,"column":25},"end":{"line":1392,"column":40}},"497":{"start":{"line":1499,"column":9},"end":{"line":1499,"column":44}},"498":{"start":{"line":1500,"column":9},"end":{"line":1500,"column":35}},"499":{"start":{"line":1503,"column":4},"end":{"line":1503,"column":32}},"500":{"start":{"line":1510,"column":4},"end":{"line":1510,"column":36}},"501":{"start":{"line":1512,"column":4},"end":{"line":1512,"column":57}},"502":{"start":{"line":1512,"column":38},"end":{"line":1512,"column":55}},"503":{"start":{"line":1519,"column":4},"end":{"line":1522,"column":6}},"504":{"start":{"line":1520,"column":6},"end":{"line":1521,"column":55}},"505":{"start":{"line":1530,"column":4},"end":{"line":1530,"column":90}},"506":{"start":{"line":1530,"column":61},"end":{"line":1530,"column":88}},"507":{"start":{"line":1496,"column":0},"end":{"line":1496,"column":13}},"508":{"start":{"line":1497,"column":25},"end":{"line":1497,"column":48}},"509":{"start":{"line":1547,"column":0},"end":{"line":1557,"column":2}},"510":{"start":{"line":1548,"column":16},"end":{"line":1548,"column":76}},"511":{"start":{"line":1548,"column":44},"end":{"line":1548,"column":75}},"512":{"start":{"line":1549,"column":2},"end":{"line":1555,"column":3}},"513":{"start":{"line":1550,"column":4},"end":{"line":1550,"column":34}},"514":{"start":{"line":1552,"column":4},"end":{"line":1552,"column":79}},"515":{"start":{"line":1552,"column":46},"end":{"line":1552,"column":77}},"516":{"start":{"line":1553,"column":4},"end":{"line":1553,"column":85}},"517":{"start":{"line":1553,"column":52},"end":{"line":1553,"column":83}},"518":{"start":{"line":1554,"column":4},"end":{"line":1554,"column":16}},"519":{"start":{"line":1556,"column":2},"end":{"line":1556,"column":15}},"520":{"start":{"line":1559,"column":0},"end":{"line":1582,"column":2}},"521":{"start":{"line":1560,"column":15},"end":{"line":1560,"column":70}},"522":{"start":{"line":1560,"column":38},"end":{"line":1560,"column":69}},"523":{"start":{"line":1561,"column":2},"end":{"line":1561,"column":43}},"524":{"start":{"line":1561,"column":30},"end":{"line":1561,"column":43}},"525":{"start":{"line":1564,"column":2},"end":{"line":1564,"column":55}},"526":{"start":{"line":1567,"column":2},"end":{"line":1579,"column":3}},"527":{"start":{"line":1568,"column":4},"end":{"line":1578,"column":7}},"528":{"start":{"line":1569,"column":6},"end":{"line":1577,"column":9}},"529":{"start":{"line":1570,"column":8},"end":{"line":1576,"column":9}},"530":{"start":{"line":1571,"column":10},"end":{"line":1575,"column":11}},"531":{"start":{"line":1572,"column":12},"end":{"line":1572,"column":50}},"532":{"start":{"line":1573,"column":17},"end":{"line":1575,"column":11}},"533":{"start":{"line":1574,"column":12},"end":{"line":1574,"column":63}},"534":{"start":{"line":1581,"column":2},"end":{"line":1581,"column":14}},"535":{"start":{"line":1584,"column":0},"end":{"line":1590,"column":2}},"536":{"start":{"line":1585,"column":2},"end":{"line":1589,"column":4}},"537":{"start":{"line":1586,"column":4},"end":{"line":1588,"column":28}},"538":{"start":{"line":1592,"column":13},"end":{"line":1621,"column":2}},"539":{"start":{"line":1632,"column":19},"end":{"line":1632,"column":21}},"540":{"start":{"line":1635,"column":4},"end":{"line":1638,"column":7}},"541":{"start":{"line":1640,"column":4},"end":{"line":1643,"column":6}},"542":{"start":{"line":1645,"column":4},"end":{"line":1648,"column":6}},"543":{"start":{"line":1651,"column":4},"end":{"line":1654,"column":7}},"544":{"start":{"line":1657,"column":4},"end":{"line":1679,"column":5}},"545":{"start":{"line":1659,"column":8},"end":{"line":1659,"column":56}},"546":{"start":{"line":1660,"column":8},"end":{"line":1660,"column":74}},"547":{"start":{"line":1661,"column":8},"end":{"line":1661,"column":14}},"548":{"start":{"line":1663,"column":8},"end":{"line":1663,"column":62}},"549":{"start":{"line":1664,"column":8},"end":{"line":1664,"column":74}},"550":{"start":{"line":1665,"column":8},"end":{"line":1665,"column":14}},"551":{"start":{"line":1667,"column":8},"end":{"line":1667,"column":56}},"552":{"start":{"line":1668,"column":8},"end":{"line":1668,"column":62}},"553":{"start":{"line":1669,"column":8},"end":{"line":1669,"column":14}},"554":{"start":{"line":1671,"column":8},"end":{"line":1671,"column":68}},"555":{"start":{"line":1672,"column":8},"end":{"line":1672,"column":74}},"556":{"start":{"line":1673,"column":8},"end":{"line":1673,"column":68}},"557":{"start":{"line":1674,"column":8},"end":{"line":1674,"column":14}},"558":{"start":{"line":1676,"column":8},"end":{"line":1676,"column":71}},"559":{"start":{"line":1677,"column":8},"end":{"line":1677,"column":62}},"560":{"start":{"line":1678,"column":8},"end":{"line":1678,"column":14}},"561":{"start":{"line":1682,"column":4},"end":{"line":1682,"column":61}},"562":{"start":{"line":1683,"column":4},"end":{"line":1683,"column":73}},"563":{"start":{"line":1685,"column":4},"end":{"line":1685,"column":18}},"564":{"start":{"line":1690,"column":24},"end":{"line":1690,"column":43}},"565":{"start":{"line":1693,"column":4},"end":{"line":1697,"column":5}},"566":{"start":{"line":1693,"column":17},"end":{"line":1693,"column":18}},"567":{"start":{"line":1694,"column":6},"end":{"line":1696,"column":10}},"568":{"start":{"line":1698,"column":4},"end":{"line":1702,"column":5}},"569":{"start":{"line":1698,"column":17},"end":{"line":1698,"column":18}},"570":{"start":{"line":1699,"column":6},"end":{"line":1701,"column":10}},"571":{"start":{"line":1703,"column":4},"end":{"line":1705,"column":8}},"572":{"start":{"line":1706,"column":4},"end":{"line":1708,"column":8}},"573":{"start":{"line":1711,"column":4},"end":{"line":1711,"column":52}},"574":{"start":{"line":1712,"column":4},"end":{"line":1712,"column":34}},"575":{"start":{"line":1714,"column":19},"end":{"line":1733,"column":6}},"576":{"start":{"line":1735,"column":4},"end":{"line":1735,"column":18}},"577":{"start":{"line":1739,"column":19},"end":{"line":1748,"column":6}},"578":{"start":{"line":1750,"column":4},"end":{"line":1750,"column":18}},"579":{"start":{"line":1627,"column":0},"end":{"line":1627,"column":13}},"580":{"start":{"line":1759,"column":25},"end":{"line":1759,"column":49}},"581":{"start":{"line":1760,"column":2},"end":{"line":1760,"column":35}},"582":{"start":{"line":1760,"column":23},"end":{"line":1760,"column":35}},"583":{"start":{"line":1762,"column":2},"end":{"line":1762,"column":36}},"584":{"start":{"line":1766,"column":2},"end":{"line":1766,"column":22}},"585":{"start":{"line":1770,"column":2},"end":{"line":1770,"column":33}},"586":{"start":{"line":1770,"column":20},"end":{"line":1770,"column":33}},"587":{"start":{"line":1772,"column":20},"end":{"line":1772,"column":49}},"588":{"start":{"line":1773,"column":2},"end":{"line":1776,"column":3}},"589":{"start":{"line":1774,"column":4},"end":{"line":1774,"column":29}},"590":{"start":{"line":1775,"column":4},"end":{"line":1775,"column":16}},"591":{"start":{"line":1778,"column":2},"end":{"line":1778,"column":15}},"592":{"start":{"line":1782,"column":2},"end":{"line":1782,"column":34}},"593":{"start":{"line":1782,"column":21},"end":{"line":1782,"column":34}},"594":{"start":{"line":1784,"column":2},"end":{"line":1784,"column":22}},"595":{"start":{"line":1785,"column":2},"end":{"line":1785,"column":14}},"596":{"start":{"line":1789,"column":2},"end":{"line":1789,"column":24}}},"fnMap":{"0":{"name":"(anonymous_0)","decl":{"start":{"line":52,"column":2},"end":{"line":52,"column":14}},"loc":{"start":{"line":52,"column":53},"end":{"line":54,"column":3}}},"1":{"name":"(anonymous_1)","decl":{"start":{"line":68,"column":2},"end":{"line":68,"column":14}},"loc":{"start":{"line":68,"column":64},"end":{"line":72,"column":3}}},"2":{"name":"(anonymous_2)","decl":{"start":{"line":85,"column":2},"end":{"line":85,"column":14}},"loc":{"start":{"line":85,"column":51},"end":{"line":88,"column":3}}},"3":{"name":"(anonymous_3)","decl":{"start":{"line":126,"column":2},"end":{"line":126,"column":14}},"loc":{"start":{"line":126,"column":53},"end":{"line":128,"column":3}}},"4":{"name":"(anonymous_4)","decl":{"start":{"line":130,"column":2},"end":{"line":130,"column":13}},"loc":{"start":{"line":130,"column":42},"end":{"line":136,"column":3}}},"5":{"name":"(anonymous_5)","decl":{"start":{"line":138,"column":2},"end":{"line":138,"column":16}},"loc":{"start":{"line":138,"column":45},"end":{"line":144,"column":3}}},"6":{"name":"(anonymous_6)","decl":{"start":{"line":161,"column":2},"end":{"line":161,"column":14}},"loc":{"start":{"line":161,"column":55},"end":{"line":163,"column":3}}},"7":{"name":"(anonymous_7)","decl":{"start":{"line":165,"column":2},"end":{"line":165,"column":21}},"loc":{"start":{"line":168,"column":19},"end":{"line":171,"column":3}}},"8":{"name":"(anonymous_8)","decl":{"start":{"line":190,"column":2},"end":{"line":190,"column":14}},"loc":{"start":{"line":190,"column":49},"end":{"line":192,"column":3}}},"9":{"name":"(anonymous_9)","decl":{"start":{"line":209,"column":2},"end":{"line":209,"column":14}},"loc":{"start":{"line":209,"column":49},"end":{"line":211,"column":3}}},"10":{"name":"(anonymous_10)","decl":{"start":{"line":213,"column":2},"end":{"line":213,"column":16}},"loc":{"start":{"line":213,"column":16},"end":{"line":215,"column":3}}},"11":{"name":"(anonymous_11)","decl":{"start":{"line":232,"column":2},"end":{"line":232,"column":14}},"loc":{"start":{"line":232,"column":51},"end":{"line":234,"column":3}}},"12":{"name":"(anonymous_12)","decl":{"start":{"line":236,"column":2},"end":{"line":236,"column":20}},"loc":{"start":{"line":236,"column":20},"end":{"line":238,"column":3}}},"13":{"name":"(anonymous_13)","decl":{"start":{"line":253,"column":2},"end":{"line":253,"column":14}},"loc":{"start":{"line":253,"column":49},"end":{"line":255,"column":3}}},"14":{"name":"(anonymous_14)","decl":{"start":{"line":257,"column":2},"end":{"line":257,"column":5}},"loc":{"start":{"line":257,"column":5},"end":{"line":263,"column":3}}},"15":{"name":"(anonymous_15)","decl":{"start":{"line":265,"column":2},"end":{"line":265,"column":8}},"loc":{"start":{"line":265,"column":23},"end":{"line":272,"column":3}}},"16":{"name":"(anonymous_16)","decl":{"start":{"line":288,"column":2},"end":{"line":288,"column":14}},"loc":{"start":{"line":288,"column":53},"end":{"line":290,"column":3}}},"17":{"name":"(anonymous_17)","decl":{"start":{"line":292,"column":2},"end":{"line":292,"column":26}},"loc":{"start":{"line":292,"column":26},"end":{"line":294,"column":3}}},"18":{"name":"(anonymous_18)","decl":{"start":{"line":322,"column":2},"end":{"line":322,"column":14}},"loc":{"start":{"line":322,"column":54},"end":{"line":324,"column":3}}},"19":{"name":"(anonymous_19)","decl":{"start":{"line":326,"column":2},"end":{"line":326,"column":15}},"loc":{"start":{"line":326,"column":30},"end":{"line":338,"column":3}}},"20":{"name":"(anonymous_20)","decl":{"start":{"line":363,"column":2},"end":{"line":363,"column":14}},"loc":{"start":{"line":363,"column":56},"end":{"line":365,"column":3}}},"21":{"name":"(anonymous_21)","decl":{"start":{"line":367,"column":2},"end":{"line":367,"column":22}},"loc":{"start":{"line":367,"column":43},"end":{"line":372,"column":3}}},"22":{"name":"(anonymous_22)","decl":{"start":{"line":369,"column":6},"end":{"line":369,"column":7}},"loc":{"start":{"line":369,"column":11},"end":{"line":370,"column":60}}},"23":{"name":"(anonymous_23)","decl":{"start":{"line":394,"column":2},"end":{"line":394,"column":14}},"loc":{"start":{"line":394,"column":52},"end":{"line":396,"column":3}}},"24":{"name":"(anonymous_24)","decl":{"start":{"line":398,"column":2},"end":{"line":398,"column":12}},"loc":{"start":{"line":400,"column":47},"end":{"line":405,"column":3}}},"25":{"name":"(anonymous_25)","decl":{"start":{"line":403,"column":6},"end":{"line":403,"column":7}},"loc":{"start":{"line":403,"column":24},"end":{"line":403,"column":54}}},"26":{"name":"(anonymous_26)","decl":{"start":{"line":427,"column":2},"end":{"line":427,"column":14}},"loc":{"start":{"line":427,"column":51},"end":{"line":429,"column":3}}},"27":{"name":"(anonymous_27)","decl":{"start":{"line":431,"column":2},"end":{"line":431,"column":17}},"loc":{"start":{"line":431,"column":17},"end":{"line":435,"column":3}}},"28":{"name":"(anonymous_28)","decl":{"start":{"line":455,"column":2},"end":{"line":455,"column":14}},"loc":{"start":{"line":455,"column":51},"end":{"line":457,"column":3}}},"29":{"name":"(anonymous_29)","decl":{"start":{"line":459,"column":2},"end":{"line":459,"column":11}},"loc":{"start":{"line":464,"column":18},"end":{"line":476,"column":3}}},"30":{"name":"(anonymous_30)","decl":{"start":{"line":466,"column":39},"end":{"line":466,"column":40}},"loc":{"start":{"line":466,"column":44},"end":{"line":466,"column":82}}},"31":{"name":"(anonymous_31)","decl":{"start":{"line":478,"column":2},"end":{"line":478,"column":14}},"loc":{"start":{"line":478,"column":44},"end":{"line":485,"column":3}}},"32":{"name":"(anonymous_32)","decl":{"start":{"line":480,"column":6},"end":{"line":480,"column":7}},"loc":{"start":{"line":480,"column":11},"end":{"line":480,"column":62}}},"33":{"name":"(anonymous_33)","decl":{"start":{"line":487,"column":2},"end":{"line":487,"column":15}},"loc":{"start":{"line":487,"column":26},"end":{"line":492,"column":3}}},"34":{"name":"(anonymous_34)","decl":{"start":{"line":488,"column":39},"end":{"line":488,"column":40}},"loc":{"start":{"line":488,"column":43},"end":{"line":491,"column":5}}},"35":{"name":"(anonymous_35)","decl":{"start":{"line":510,"column":2},"end":{"line":510,"column":14}},"loc":{"start":{"line":510,"column":49},"end":{"line":512,"column":3}}},"36":{"name":"(anonymous_36)","decl":{"start":{"line":514,"column":2},"end":{"line":514,"column":17}},"loc":{"start":{"line":514,"column":17},"end":{"line":519,"column":3}}},"37":{"name":"(anonymous_37)","decl":{"start":{"line":521,"column":2},"end":{"line":521,"column":10}},"loc":{"start":{"line":521,"column":10},"end":{"line":530,"column":3}}},"38":{"name":"(anonymous_38)","decl":{"start":{"line":532,"column":2},"end":{"line":532,"column":13}},"loc":{"start":{"line":532,"column":23},"end":{"line":534,"column":3}}},"39":{"name":"(anonymous_39)","decl":{"start":{"line":547,"column":2},"end":{"line":547,"column":14}},"loc":{"start":{"line":547,"column":49},"end":{"line":549,"column":3}}},"40":{"name":"(anonymous_40)","decl":{"start":{"line":551,"column":2},"end":{"line":551,"column":9}},"loc":{"start":{"line":551,"column":19},"end":{"line":555,"column":3}}},"41":{"name":"(anonymous_41)","decl":{"start":{"line":557,"column":2},"end":{"line":557,"column":12}},"loc":{"start":{"line":557,"column":27},"end":{"line":563,"column":3}}},"42":{"name":"(anonymous_42)","decl":{"start":{"line":558,"column":39},"end":{"line":558,"column":40}},"loc":{"start":{"line":558,"column":44},"end":{"line":558,"column":75}}},"43":{"name":"(anonymous_43)","decl":{"start":{"line":577,"column":2},"end":{"line":577,"column":14}},"loc":{"start":{"line":577,"column":51},"end":{"line":579,"column":3}}},"44":{"name":"(anonymous_44)","decl":{"start":{"line":581,"column":2},"end":{"line":581,"column":7}},"loc":{"start":{"line":581,"column":22},"end":{"line":587,"column":3}}},"45":{"name":"(anonymous_45)","decl":{"start":{"line":589,"column":2},"end":{"line":589,"column":7}},"loc":{"start":{"line":589,"column":7},"end":{"line":591,"column":3}}},"46":{"name":"(anonymous_46)","decl":{"start":{"line":647,"column":2},"end":{"line":647,"column":14}},"loc":{"start":{"line":647,"column":50},"end":{"line":649,"column":3}}},"47":{"name":"(anonymous_47)","decl":{"start":{"line":654,"column":2},"end":{"line":654,"column":10}},"loc":{"start":{"line":654,"column":23},"end":{"line":658,"column":3}}},"48":{"name":"(anonymous_48)","decl":{"start":{"line":655,"column":25},"end":{"line":655,"column":26}},"loc":{"start":{"line":655,"column":30},"end":{"line":655,"column":47}}},"49":{"name":"(anonymous_49)","decl":{"start":{"line":663,"column":2},"end":{"line":663,"column":16}},"loc":{"start":{"line":666,"column":22},"end":{"line":688,"column":3}}},"50":{"name":"(anonymous_50)","decl":{"start":{"line":668,"column":24},"end":{"line":668,"column":29}},"loc":{"start":{"line":668,"column":32},"end":{"line":687,"column":5}}},"51":{"name":"(anonymous_51)","decl":{"start":{"line":671,"column":31},"end":{"line":671,"column":40}},"loc":{"start":{"line":671,"column":43},"end":{"line":686,"column":7}}},"52":{"name":"(anonymous_52)","decl":{"start":{"line":693,"column":10},"end":{"line":693,"column":30}},"loc":{"start":{"line":693,"column":43},"end":{"line":702,"column":3}}},"53":{"name":"(anonymous_53)","decl":{"start":{"line":694,"column":48},"end":{"line":694,"column":49}},"loc":{"start":{"line":694,"column":53},"end":{"line":694,"column":64}}},"54":{"name":"(anonymous_54)","decl":{"start":{"line":707,"column":2},"end":{"line":707,"column":14}},"loc":{"start":{"line":707,"column":30},"end":{"line":713,"column":3}}},"55":{"name":"(anonymous_55)","decl":{"start":{"line":708,"column":35},"end":{"line":708,"column":36}},"loc":{"start":{"line":708,"column":40},"end":{"line":708,"column":56}}},"56":{"name":"(anonymous_56)","decl":{"start":{"line":718,"column":2},"end":{"line":718,"column":18}},"loc":{"start":{"line":718,"column":18},"end":{"line":725,"column":3}}},"57":{"name":"(anonymous_57)","decl":{"start":{"line":721,"column":39},"end":{"line":721,"column":40}},"loc":{"start":{"line":721,"column":44},"end":{"line":721,"column":59}}},"58":{"name":"(anonymous_58)","decl":{"start":{"line":730,"column":2},"end":{"line":730,"column":20}},"loc":{"start":{"line":730,"column":20},"end":{"line":732,"column":3}}},"59":{"name":"(anonymous_59)","decl":{"start":{"line":731,"column":30},"end":{"line":731,"column":31}},"loc":{"start":{"line":731,"column":35},"end":{"line":731,"column":60}}},"60":{"name":"(anonymous_60)","decl":{"start":{"line":737,"column":2},"end":{"line":737,"column":17}},"loc":{"start":{"line":737,"column":17},"end":{"line":739,"column":3}}},"61":{"name":"(anonymous_61)","decl":{"start":{"line":738,"column":30},"end":{"line":738,"column":31}},"loc":{"start":{"line":738,"column":35},"end":{"line":738,"column":61}}},"62":{"name":"(anonymous_62)","decl":{"start":{"line":789,"column":2},"end":{"line":789,"column":14}},"loc":{"start":{"line":789,"column":56},"end":{"line":792,"column":3}}},"63":{"name":"(anonymous_63)","decl":{"start":{"line":797,"column":2},"end":{"line":797,"column":16}},"loc":{"start":{"line":797,"column":41},"end":{"line":802,"column":3}}},"64":{"name":"(anonymous_64)","decl":{"start":{"line":798,"column":31},"end":{"line":798,"column":32}},"loc":{"start":{"line":798,"column":36},"end":{"line":798,"column":59}}},"65":{"name":"(anonymous_65)","decl":{"start":{"line":807,"column":2},"end":{"line":807,"column":16}},"loc":{"start":{"line":810,"column":22},"end":{"line":839,"column":3}}},"66":{"name":"(anonymous_66)","decl":{"start":{"line":814,"column":30},"end":{"line":814,"column":41}},"loc":{"start":{"line":814,"column":44},"end":{"line":836,"column":5}}},"67":{"name":"(anonymous_67)","decl":{"start":{"line":817,"column":37},"end":{"line":817,"column":46}},"loc":{"start":{"line":817,"column":49},"end":{"line":835,"column":7}}},"68":{"name":"(anonymous_68)","decl":{"start":{"line":844,"column":10},"end":{"line":844,"column":34}},"loc":{"start":{"line":844,"column":59},"end":{"line":846,"column":3}}},"69":{"name":"(anonymous_69)","decl":{"start":{"line":845,"column":40},"end":{"line":845,"column":41}},"loc":{"start":{"line":845,"column":45},"end":{"line":845,"column":80}}},"70":{"name":"(anonymous_70)","decl":{"start":{"line":851,"column":2},"end":{"line":851,"column":25}},"loc":{"start":{"line":851,"column":25},"end":{"line":853,"column":3}}},"71":{"name":"(anonymous_71)","decl":{"start":{"line":852,"column":36},"end":{"line":852,"column":37}},"loc":{"start":{"line":852,"column":41},"end":{"line":852,"column":51}}},"72":{"name":"(anonymous_72)","decl":{"start":{"line":858,"column":2},"end":{"line":858,"column":24}},"loc":{"start":{"line":858,"column":24},"end":{"line":860,"column":3}}},"73":{"name":"(anonymous_73)","decl":{"start":{"line":859,"column":36},"end":{"line":859,"column":37}},"loc":{"start":{"line":859,"column":41},"end":{"line":859,"column":64}}},"74":{"name":"(anonymous_74)","decl":{"start":{"line":865,"column":2},"end":{"line":865,"column":19}},"loc":{"start":{"line":865,"column":19},"end":{"line":867,"column":3}}},"75":{"name":"(anonymous_75)","decl":{"start":{"line":903,"column":2},"end":{"line":903,"column":14}},"loc":{"start":{"line":903,"column":55},"end":{"line":906,"column":3}}},"76":{"name":"(anonymous_76)","decl":{"start":{"line":911,"column":10},"end":{"line":911,"column":33}},"loc":{"start":{"line":911,"column":33},"end":{"line":936,"column":3}}},"77":{"name":"(anonymous_77)","decl":{"start":{"line":941,"column":10},"end":{"line":941,"column":27}},"loc":{"start":{"line":941,"column":41},"end":{"line":947,"column":3}}},"78":{"name":"(anonymous_78)","decl":{"start":{"line":952,"column":10},"end":{"line":952,"column":34}},"loc":{"start":{"line":952,"column":48},"end":{"line":957,"column":3}}},"79":{"name":"(anonymous_79)","decl":{"start":{"line":962,"column":2},"end":{"line":962,"column":22}},"loc":{"start":{"line":962,"column":22},"end":{"line":964,"column":3}}},"80":{"name":"(anonymous_80)","decl":{"start":{"line":963,"column":28},"end":{"line":963,"column":29}},"loc":{"start":{"line":963,"column":33},"end":{"line":963,"column":62}}},"81":{"name":"(anonymous_81)","decl":{"start":{"line":969,"column":2},"end":{"line":969,"column":15}},"loc":{"start":{"line":969,"column":15},"end":{"line":978,"column":3}}},"82":{"name":"(anonymous_82)","decl":{"start":{"line":971,"column":39},"end":{"line":971,"column":40}},"loc":{"start":{"line":971,"column":44},"end":{"line":971,"column":77}}},"83":{"name":"(anonymous_83)","decl":{"start":{"line":983,"column":2},"end":{"line":983,"column":13}},"loc":{"start":{"line":983,"column":27},"end":{"line":990,"column":3}}},"84":{"name":"(anonymous_84)","decl":{"start":{"line":984,"column":41},"end":{"line":984,"column":42}},"loc":{"start":{"line":984,"column":46},"end":{"line":984,"column":63}}},"85":{"name":"(anonymous_85)","decl":{"start":{"line":995,"column":2},"end":{"line":995,"column":19}},"loc":{"start":{"line":995,"column":19},"end":{"line":997,"column":3}}},"86":{"name":"(anonymous_86)","decl":{"start":{"line":996,"column":30},"end":{"line":996,"column":31}},"loc":{"start":{"line":996,"column":35},"end":{"line":996,"column":45}}},"87":{"name":"(anonymous_87)","decl":{"start":{"line":1029,"column":2},"end":{"line":1029,"column":14}},"loc":{"start":{"line":1029,"column":57},"end":{"line":1031,"column":3}}},"88":{"name":"(anonymous_88)","decl":{"start":{"line":1036,"column":2},"end":{"line":1036,"column":18}},"loc":{"start":{"line":1040,"column":96},"end":{"line":1067,"column":3}}},"89":{"name":"(anonymous_89)","decl":{"start":{"line":1059,"column":28},"end":{"line":1059,"column":29}},"loc":{"start":{"line":1059,"column":38},"end":{"line":1059,"column":61}}},"90":{"name":"(anonymous_90)","decl":{"start":{"line":1072,"column":2},"end":{"line":1072,"column":24}},"loc":{"start":{"line":1072,"column":24},"end":{"line":1075,"column":3}}},"91":{"name":"(anonymous_91)","decl":{"start":{"line":1074,"column":37},"end":{"line":1074,"column":38}},"loc":{"start":{"line":1074,"column":42},"end":{"line":1074,"column":83}}},"92":{"name":"(anonymous_92)","decl":{"start":{"line":1080,"column":2},"end":{"line":1080,"column":12}},"loc":{"start":{"line":1080,"column":35},"end":{"line":1087,"column":3}}},"93":{"name":"(anonymous_93)","decl":{"start":{"line":1081,"column":49},"end":{"line":1081,"column":50}},"loc":{"start":{"line":1081,"column":54},"end":{"line":1081,"column":77}}},"94":{"name":"(anonymous_94)","decl":{"start":{"line":1092,"column":2},"end":{"line":1092,"column":16}},"loc":{"start":{"line":1092,"column":16},"end":{"line":1097,"column":3}}},"95":{"name":"(anonymous_95)","decl":{"start":{"line":1094,"column":51},"end":{"line":1094,"column":52}},"loc":{"start":{"line":1095,"column":6},"end":{"line":1095,"column":47}}},"96":{"name":"(anonymous_96)","decl":{"start":{"line":1121,"column":2},"end":{"line":1121,"column":14}},"loc":{"start":{"line":1121,"column":50},"end":{"line":1123,"column":3}}},"97":{"name":"(anonymous_97)","decl":{"start":{"line":1125,"column":2},"end":{"line":1125,"column":18}},"loc":{"start":{"line":1125,"column":18},"end":{"line":1128,"column":3}}},"98":{"name":"(anonymous_98)","decl":{"start":{"line":1144,"column":2},"end":{"line":1144,"column":14}},"loc":{"start":{"line":1144,"column":54},"end":{"line":1146,"column":3}}},"99":{"name":"(anonymous_99)","decl":{"start":{"line":1148,"column":2},"end":{"line":1148,"column":15}},"loc":{"start":{"line":1148,"column":15},"end":{"line":1151,"column":3}}},"100":{"name":"(anonymous_100)","decl":{"start":{"line":1153,"column":2},"end":{"line":1153,"column":12}},"loc":{"start":{"line":1153,"column":12},"end":{"line":1158,"column":3}}},"101":{"name":"(anonymous_101)","decl":{"start":{"line":1179,"column":2},"end":{"line":1179,"column":14}},"loc":{"start":{"line":1179,"column":50},"end":{"line":1181,"column":3}}},"102":{"name":"(anonymous_102)","decl":{"start":{"line":1184,"column":2},"end":{"line":1184,"column":15}},"loc":{"start":{"line":1190,"column":21},"end":{"line":1206,"column":3}}},"103":{"name":"(anonymous_103)","decl":{"start":{"line":1192,"column":44},"end":{"line":1192,"column":45}},"loc":{"start":{"line":1192,"column":49},"end":{"line":1192,"column":60}}},"104":{"name":"(anonymous_104)","decl":{"start":{"line":1209,"column":2},"end":{"line":1209,"column":17}},"loc":{"start":{"line":1209,"column":28},"end":{"line":1216,"column":3}}},"105":{"name":"(anonymous_105)","decl":{"start":{"line":1210,"column":41},"end":{"line":1210,"column":42}},"loc":{"start":{"line":1210,"column":46},"end":{"line":1210,"column":57}}},"106":{"name":"(anonymous_106)","decl":{"start":{"line":1219,"column":2},"end":{"line":1219,"column":15}},"loc":{"start":{"line":1219,"column":26},"end":{"line":1221,"column":3}}},"107":{"name":"(anonymous_107)","decl":{"start":{"line":1220,"column":34},"end":{"line":1220,"column":35}},"loc":{"start":{"line":1220,"column":39},"end":{"line":1220,"column":62}}},"108":{"name":"(anonymous_108)","decl":{"start":{"line":1224,"column":2},"end":{"line":1224,"column":17}},"loc":{"start":{"line":1224,"column":17},"end":{"line":1226,"column":3}}},"109":{"name":"(anonymous_109)","decl":{"start":{"line":1225,"column":36},"end":{"line":1225,"column":37}},"loc":{"start":{"line":1225,"column":41},"end":{"line":1225,"column":49}}},"110":{"name":"(anonymous_110)","decl":{"start":{"line":1229,"column":2},"end":{"line":1229,"column":8}},"loc":{"start":{"line":1229,"column":19},"end":{"line":1238,"column":3}}},"111":{"name":"(anonymous_111)","decl":{"start":{"line":1230,"column":30},"end":{"line":1230,"column":35}},"loc":{"start":{"line":1230,"column":38},"end":{"line":1237,"column":5}}},"112":{"name":"(anonymous_112)","decl":{"start":{"line":1286,"column":2},"end":{"line":1286,"column":14}},"loc":{"start":{"line":1286,"column":56},"end":{"line":1288,"column":3}}},"113":{"name":"(anonymous_113)","decl":{"start":{"line":1293,"column":2},"end":{"line":1293,"column":15}},"loc":{"start":{"line":1293,"column":32},"end":{"line":1297,"column":3}}},"114":{"name":"(anonymous_114)","decl":{"start":{"line":1294,"column":31},"end":{"line":1294,"column":32}},"loc":{"start":{"line":1294,"column":36},"end":{"line":1294,"column":53}}},"115":{"name":"(anonymous_115)","decl":{"start":{"line":1302,"column":2},"end":{"line":1302,"column":20}},"loc":{"start":{"line":1302,"column":67},"end":{"line":1308,"column":3}}},"116":{"name":"(anonymous_116)","decl":{"start":{"line":1303,"column":35},"end":{"line":1303,"column":40}},"loc":{"start":{"line":1304,"column":6},"end":{"line":1306,"column":76}}},"117":{"name":"(anonymous_117)","decl":{"start":{"line":1313,"column":2},"end":{"line":1313,"column":20}},"loc":{"start":{"line":1313,"column":67},"end":{"line":1338,"column":3}}},"118":{"name":"(anonymous_118)","decl":{"start":{"line":1318,"column":47},"end":{"line":1318,"column":48}},"loc":{"start":{"line":1318,"column":59},"end":{"line":1318,"column":73}}},"119":{"name":"(anonymous_119)","decl":{"start":{"line":1343,"column":2},"end":{"line":1343,"column":14}},"loc":{"start":{"line":1343,"column":14},"end":{"line":1356,"column":3}}},"120":{"name":"(anonymous_120)","decl":{"start":{"line":1345,"column":45},"end":{"line":1345,"column":52}},"loc":{"start":{"line":1345,"column":55},"end":{"line":1349,"column":5}}},"121":{"name":"(anonymous_121)","decl":{"start":{"line":1352,"column":49},"end":{"line":1352,"column":54}},"loc":{"start":{"line":1352,"column":57},"end":{"line":1355,"column":5}}},"122":{"name":"(anonymous_122)","decl":{"start":{"line":1397,"column":2},"end":{"line":1397,"column":14}},"loc":{"start":{"line":1397,"column":50},"end":{"line":1399,"column":3}}},"123":{"name":"(anonymous_123)","decl":{"start":{"line":1404,"column":2},"end":{"line":1404,"column":15}},"loc":{"start":{"line":1404,"column":28},"end":{"line":1408,"column":3}}},"124":{"name":"(anonymous_124)","decl":{"start":{"line":1405,"column":31},"end":{"line":1405,"column":32}},"loc":{"start":{"line":1405,"column":36},"end":{"line":1405,"column":53}}},"125":{"name":"(anonymous_125)","decl":{"start":{"line":1413,"column":2},"end":{"line":1413,"column":10}},"loc":{"start":{"line":1413,"column":26},"end":{"line":1438,"column":3}}},"126":{"name":"(anonymous_126)","decl":{"start":{"line":1414,"column":46},"end":{"line":1414,"column":47}},"loc":{"start":{"line":1414,"column":51},"end":{"line":1414,"column":67}}},"127":{"name":"(anonymous_127)","decl":{"start":{"line":1418,"column":47},"end":{"line":1418,"column":48}},"loc":{"start":{"line":1418,"column":52},"end":{"line":1418,"column":68}}},"128":{"name":"(anonymous_128)","decl":{"start":{"line":1424,"column":40},"end":{"line":1424,"column":41}},"loc":{"start":{"line":1424,"column":45},"end":{"line":1424,"column":61}}},"129":{"name":"(anonymous_129)","decl":{"start":{"line":1443,"column":2},"end":{"line":1443,"column":13}},"loc":{"start":{"line":1443,"column":29},"end":{"line":1450,"column":3}}},"130":{"name":"(anonymous_130)","decl":{"start":{"line":1444,"column":40},"end":{"line":1444,"column":41}},"loc":{"start":{"line":1444,"column":45},"end":{"line":1444,"column":61}}},"131":{"name":"(anonymous_131)","decl":{"start":{"line":1455,"column":2},"end":{"line":1455,"column":18}},"loc":{"start":{"line":1455,"column":18},"end":{"line":1466,"column":3}}},"132":{"name":"(anonymous_132)","decl":{"start":{"line":1457,"column":23},"end":{"line":1457,"column":24}},"loc":{"start":{"line":1457,"column":28},"end":{"line":1457,"column":36}}},"133":{"name":"(anonymous_133)","decl":{"start":{"line":1457,"column":46},"end":{"line":1457,"column":51}},"loc":{"start":{"line":1457,"column":54},"end":{"line":1464,"column":5}}},"134":{"name":"(anonymous_134)","decl":{"start":{"line":1458,"column":28},"end":{"line":1458,"column":34}},"loc":{"start":{"line":1458,"column":37},"end":{"line":1463,"column":7}}},"135":{"name":"(anonymous_135)","decl":{"start":{"line":1471,"column":2},"end":{"line":1471,"column":14}},"loc":{"start":{"line":1471,"column":43},"end":{"line":1475,"column":3}}},"136":{"name":"(anonymous_136)","decl":{"start":{"line":1473,"column":14},"end":{"line":1473,"column":15}},"loc":{"start":{"line":1473,"column":19},"end":{"line":1473,"column":57}}},"137":{"name":"(anonymous_137)","decl":{"start":{"line":1474,"column":14},"end":{"line":1474,"column":15}},"loc":{"start":{"line":1474,"column":26},"end":{"line":1474,"column":39}}},"138":{"name":"(anonymous_138)","decl":{"start":{"line":1502,"column":2},"end":{"line":1502,"column":14}},"loc":{"start":{"line":1502,"column":58},"end":{"line":1504,"column":3}}},"139":{"name":"(anonymous_139)","decl":{"start":{"line":1509,"column":2},"end":{"line":1509,"column":11}},"loc":{"start":{"line":1509,"column":32},"end":{"line":1513,"column":3}}},"140":{"name":"(anonymous_140)","decl":{"start":{"line":1512,"column":28},"end":{"line":1512,"column":29}},"loc":{"start":{"line":1512,"column":38},"end":{"line":1512,"column":55}}},"141":{"name":"(anonymous_141)","decl":{"start":{"line":1518,"column":2},"end":{"line":1518,"column":19}},"loc":{"start":{"line":1518,"column":40},"end":{"line":1523,"column":3}}},"142":{"name":"(anonymous_142)","decl":{"start":{"line":1519,"column":37},"end":{"line":1519,"column":43}},"loc":{"start":{"line":1520,"column":6},"end":{"line":1521,"column":55}}},"143":{"name":"(anonymous_143)","decl":{"start":{"line":1528,"column":2},"end":{"line":1528,"column":15}},"loc":{"start":{"line":1528,"column":36},"end":{"line":1531,"column":3}}},"144":{"name":"(anonymous_144)","decl":{"start":{"line":1530,"column":51},"end":{"line":1530,"column":57}},"loc":{"start":{"line":1530,"column":61},"end":{"line":1530,"column":88}}},"145":{"name":"(anonymous_145)","decl":{"start":{"line":1547,"column":48},"end":{"line":1547,"column":57}},"loc":{"start":{"line":1547,"column":71},"end":{"line":1557,"column":1}}},"146":{"name":"(anonymous_146)","decl":{"start":{"line":1548,"column":39},"end":{"line":1548,"column":40}},"loc":{"start":{"line":1548,"column":44},"end":{"line":1548,"column":75}}},"147":{"name":"(anonymous_147)","decl":{"start":{"line":1552,"column":41},"end":{"line":1552,"column":42}},"loc":{"start":{"line":1552,"column":46},"end":{"line":1552,"column":77}}},"148":{"name":"(anonymous_148)","decl":{"start":{"line":1553,"column":47},"end":{"line":1553,"column":48}},"loc":{"start":{"line":1553,"column":52},"end":{"line":1553,"column":83}}},"149":{"name":"(anonymous_149)","decl":{"start":{"line":1559,"column":38},"end":{"line":1559,"column":47}},"loc":{"start":{"line":1559,"column":61},"end":{"line":1582,"column":1}}},"150":{"name":"(anonymous_150)","decl":{"start":{"line":1560,"column":33},"end":{"line":1560,"column":34}},"loc":{"start":{"line":1560,"column":38},"end":{"line":1560,"column":69}}},"151":{"name":"(anonymous_151)","decl":{"start":{"line":1568,"column":41},"end":{"line":1568,"column":48}},"loc":{"start":{"line":1568,"column":51},"end":{"line":1578,"column":5}}},"152":{"name":"(anonymous_152)","decl":{"start":{"line":1569,"column":30},"end":{"line":1569,"column":36}},"loc":{"start":{"line":1569,"column":39},"end":{"line":1577,"column":7}}},"153":{"name":"(anonymous_153)","decl":{"start":{"line":1584,"column":45},"end":{"line":1584,"column":null}},"loc":{"start":{"line":1584,"column":45},"end":{"line":1590,"column":1}}},"154":{"name":"(anonymous_154)","decl":{"start":{"line":1585,"column":29},"end":{"line":1585,"column":33}},"loc":{"start":{"line":1586,"column":4},"end":{"line":1588,"column":28}}},"155":{"name":"(anonymous_155)","decl":{"start":{"line":1628,"column":2},"end":{"line":1628,"column":8}},"loc":{"start":{"line":1630,"column":20},"end":{"line":1686,"column":3}}},"156":{"name":"(anonymous_156)","decl":{"start":{"line":1688,"column":2},"end":{"line":1688,"column":8}},"loc":{"start":{"line":1688,"column":44},"end":{"line":1736,"column":3}}},"157":{"name":"(anonymous_157)","decl":{"start":{"line":1738,"column":2},"end":{"line":1738,"column":8}},"loc":{"start":{"line":1738,"column":43},"end":{"line":1751,"column":3}}},"158":{"name":"createComponent","decl":{"start":{"line":1758,"column":16},"end":{"line":1758,"column":31}},"loc":{"start":{"line":1758,"column":58},"end":{"line":1763,"column":1}}},"159":{"name":"getComponent","decl":{"start":{"line":1765,"column":16},"end":{"line":1765,"column":28}},"loc":{"start":{"line":1765,"column":54},"end":{"line":1767,"column":1}}},"160":{"name":"addComponent","decl":{"start":{"line":1769,"column":16},"end":{"line":1769,"column":28}},"loc":{"start":{"line":1769,"column":68},"end":{"line":1779,"column":1}}},"161":{"name":"removeComponent","decl":{"start":{"line":1781,"column":16},"end":{"line":1781,"column":31}},"loc":{"start":{"line":1781,"column":57},"end":{"line":1786,"column":1}}},"162":{"name":"hasComponent","decl":{"start":{"line":1788,"column":16},"end":{"line":1788,"column":28}},"loc":{"start":{"line":1788,"column":54},"end":{"line":1790,"column":1}}}},"branchMap":{"0":{"loc":{"start":{"line":52,"column":14},"end":{"line":52,"column":53}},"type":"default-arg","locations":[{"start":{"line":52,"column":51},"end":{"line":52,"column":53}}]},"1":{"loc":{"start":{"line":68,"column":14},"end":{"line":68,"column":27}},"type":"default-arg","locations":[{"start":{"line":68,"column":26},"end":{"line":68,"column":27}}]},"2":{"loc":{"start":{"line":68,"column":29},"end":{"line":68,"column":42}},"type":"default-arg","locations":[{"start":{"line":68,"column":41},"end":{"line":68,"column":42}}]},"3":{"loc":{"start":{"line":68,"column":44},"end":{"line":68,"column":64}},"type":"default-arg","locations":[{"start":{"line":68,"column":63},"end":{"line":68,"column":64}}]},"4":{"loc":{"start":{"line":85,"column":14},"end":{"line":85,"column":31}},"type":"default-arg","locations":[{"start":{"line":85,"column":30},"end":{"line":85,"column":31}}]},"5":{"loc":{"start":{"line":85,"column":33},"end":{"line":85,"column":51}},"type":"default-arg","locations":[{"start":{"line":85,"column":50},"end":{"line":85,"column":51}}]},"6":{"loc":{"start":{"line":126,"column":14},"end":{"line":126,"column":53}},"type":"default-arg","locations":[{"start":{"line":126,"column":51},"end":{"line":126,"column":53}}]},"7":{"loc":{"start":{"line":131,"column":4},"end":{"line":131,"column":44}},"type":"if","locations":[{"start":{"line":131,"column":4},"end":{"line":131,"column":44}},{"start":{},"end":{}}]},"8":{"loc":{"start":{"line":132,"column":4},"end":{"line":132,"column":76}},"type":"if","locations":[{"start":{"line":132,"column":4},"end":{"line":132,"column":76}},{"start":{},"end":{}}]},"9":{"loc":{"start":{"line":139,"column":4},"end":{"line":139,"column":44}},"type":"if","locations":[{"start":{"line":139,"column":4},"end":{"line":139,"column":44}},{"start":{},"end":{}}]},"10":{"loc":{"start":{"line":140,"column":4},"end":{"line":140,"column":56}},"type":"if","locations":[{"start":{"line":140,"column":4},"end":{"line":140,"column":56}},{"start":{},"end":{}}]},"11":{"loc":{"start":{"line":161,"column":14},"end":{"line":161,"column":55}},"type":"default-arg","locations":[{"start":{"line":161,"column":53},"end":{"line":161,"column":55}}]},"12":{"loc":{"start":{"line":190,"column":14},"end":{"line":190,"column":49}},"type":"default-arg","locations":[{"start":{"line":190,"column":47},"end":{"line":190,"column":49}}]},"13":{"loc":{"start":{"line":209,"column":14},"end":{"line":209,"column":49}},"type":"default-arg","locations":[{"start":{"line":209,"column":47},"end":{"line":209,"column":49}}]},"14":{"loc":{"start":{"line":232,"column":14},"end":{"line":232,"column":51}},"type":"default-arg","locations":[{"start":{"line":232,"column":49},"end":{"line":232,"column":51}}]},"15":{"loc":{"start":{"line":253,"column":14},"end":{"line":253,"column":49}},"type":"default-arg","locations":[{"start":{"line":253,"column":47},"end":{"line":253,"column":49}}]},"16":{"loc":{"start":{"line":258,"column":4},"end":{"line":261,"column":5}},"type":"if","locations":[{"start":{"line":258,"column":4},"end":{"line":261,"column":5}},{"start":{},"end":{}}]},"17":{"loc":{"start":{"line":266,"column":4},"end":{"line":270,"column":5}},"type":"if","locations":[{"start":{"line":266,"column":4},"end":{"line":270,"column":5}},{"start":{"line":268,"column":11},"end":{"line":270,"column":5}}]},"18":{"loc":{"start":{"line":288,"column":14},"end":{"line":288,"column":53}},"type":"default-arg","locations":[{"start":{"line":288,"column":51},"end":{"line":288,"column":53}}]},"19":{"loc":{"start":{"line":322,"column":14},"end":{"line":322,"column":54}},"type":"default-arg","locations":[{"start":{"line":322,"column":52},"end":{"line":322,"column":54}}]},"20":{"loc":{"start":{"line":328,"column":4},"end":{"line":334,"column":5}},"type":"if","locations":[{"start":{"line":328,"column":4},"end":{"line":334,"column":5}},{"start":{},"end":{}}]},"21":{"loc":{"start":{"line":363,"column":14},"end":{"line":363,"column":56}},"type":"default-arg","locations":[{"start":{"line":363,"column":54},"end":{"line":363,"column":56}}]},"22":{"loc":{"start":{"line":369,"column":11},"end":{"line":370,"column":60}},"type":"binary-expr","locations":[{"start":{"line":369,"column":11},"end":{"line":369,"column":31}},{"start":{"line":370,"column":12},"end":{"line":370,"column":26}},{"start":{"line":370,"column":30},"end":{"line":370,"column":59}}]},"23":{"loc":{"start":{"line":394,"column":14},"end":{"line":394,"column":52}},"type":"default-arg","locations":[{"start":{"line":394,"column":50},"end":{"line":394,"column":52}}]},"24":{"loc":{"start":{"line":427,"column":14},"end":{"line":427,"column":51}},"type":"default-arg","locations":[{"start":{"line":427,"column":49},"end":{"line":427,"column":51}}]},"25":{"loc":{"start":{"line":434,"column":11},"end":{"line":434,"column":67}},"type":"cond-expr","locations":[{"start":{"line":434,"column":18},"end":{"line":434,"column":54}},{"start":{"line":434,"column":57},"end":{"line":434,"column":67}}]},"26":{"loc":{"start":{"line":455,"column":14},"end":{"line":455,"column":51}},"type":"default-arg","locations":[{"start":{"line":455,"column":49},"end":{"line":455,"column":51}}]},"27":{"loc":{"start":{"line":466,"column":44},"end":{"line":466,"column":82}},"type":"binary-expr","locations":[{"start":{"line":466,"column":44},"end":{"line":466,"column":59}},{"start":{"line":466,"column":63},"end":{"line":466,"column":82}}]},"28":{"loc":{"start":{"line":467,"column":4},"end":{"line":475,"column":5}},"type":"if","locations":[{"start":{"line":467,"column":4},"end":{"line":475,"column":5}},{"start":{"line":470,"column":11},"end":{"line":475,"column":5}}]},"29":{"loc":{"start":{"line":480,"column":11},"end":{"line":480,"column":62}},"type":"binary-expr","locations":[{"start":{"line":480,"column":11},"end":{"line":480,"column":26}},{"start":{"line":480,"column":31},"end":{"line":480,"column":38}},{"start":{"line":480,"column":42},"end":{"line":480,"column":61}}]},"30":{"loc":{"start":{"line":482,"column":4},"end":{"line":484,"column":5}},"type":"if","locations":[{"start":{"line":482,"column":4},"end":{"line":484,"column":5}},{"start":{},"end":{}}]},"31":{"loc":{"start":{"line":510,"column":14},"end":{"line":510,"column":49}},"type":"default-arg","locations":[{"start":{"line":510,"column":47},"end":{"line":510,"column":49}}]},"32":{"loc":{"start":{"line":522,"column":4},"end":{"line":528,"column":5}},"type":"if","locations":[{"start":{"line":522,"column":4},"end":{"line":528,"column":5}},{"start":{},"end":{}}]},"33":{"loc":{"start":{"line":524,"column":6},"end":{"line":524,"column":53}},"type":"if","locations":[{"start":{"line":524,"column":6},"end":{"line":524,"column":53}},{"start":{},"end":{}}]},"34":{"loc":{"start":{"line":547,"column":14},"end":{"line":547,"column":49}},"type":"default-arg","locations":[{"start":{"line":547,"column":47},"end":{"line":547,"column":49}}]},"35":{"loc":{"start":{"line":552,"column":4},"end":{"line":552,"column":60}},"type":"if","locations":[{"start":{"line":552,"column":4},"end":{"line":552,"column":60}},{"start":{},"end":{}}]},"36":{"loc":{"start":{"line":559,"column":4},"end":{"line":561,"column":5}},"type":"if","locations":[{"start":{"line":559,"column":4},"end":{"line":561,"column":5}},{"start":{},"end":{}}]},"37":{"loc":{"start":{"line":577,"column":14},"end":{"line":577,"column":51}},"type":"default-arg","locations":[{"start":{"line":577,"column":49},"end":{"line":577,"column":51}}]},"38":{"loc":{"start":{"line":582,"column":4},"end":{"line":585,"column":5}},"type":"if","locations":[{"start":{"line":582,"column":4},"end":{"line":585,"column":5}},{"start":{},"end":{}}]},"39":{"loc":{"start":{"line":647,"column":14},"end":{"line":647,"column":50}},"type":"default-arg","locations":[{"start":{"line":647,"column":48},"end":{"line":647,"column":50}}]},"40":{"loc":{"start":{"line":655,"column":4},"end":{"line":655,"column":63}},"type":"if","locations":[{"start":{"line":655,"column":4},"end":{"line":655,"column":63}},{"start":{},"end":{}}]},"41":{"loc":{"start":{"line":666,"column":4},"end":{"line":666,"column":22}},"type":"default-arg","locations":[{"start":{"line":666,"column":21},"end":{"line":666,"column":22}
[...]
n":5}}},"19":{"name":"(anonymous_20)","decl":{"start":{"line":205,"column":59},"end":{"line":205,"column":60}},"loc":{"start":{"line":205,"column":64},"end":{"line":205,"column":84}}},"20":{"name":"(anonymous_21)","decl":{"start":{"line":212,"column":10},"end":{"line":212,"column":38}},"loc":{"start":{"line":212,"column":67},"end":{"line":229,"column":3}}},"21":{"name":"(anonymous_22)","decl":{"start":{"line":226,"column":15},"end":{"line":226,"column":18}},"loc":{"start":{"line":226,"column":20},"end":{"line":228,"column":5}}},"22":{"name":"(anonymous_23)","decl":{"start":{"line":227,"column":59},"end":{"line":227,"column":60}},"loc":{"start":{"line":227,"column":64},"end":{"line":227,"column":84}}},"23":{"name":"(anonymous_24)","decl":{"start":{"line":234,"column":10},"end":{"line":234,"column":33}},"loc":{"start":{"line":234,"column":45},"end":{"line":249,"column":3}}},"24":{"name":"(anonymous_25)","decl":{"start":{"line":246,"column":15},"end":{"line":246,"column":18}},"loc":{"start":{"line":246,"column":20},"end":{"line":248,"column":5}}},"25":{"name":"(anonymous_26)","decl":{"start":{"line":247,"column":59},"end":{"line":247,"column":60}},"loc":{"start":{"line":247,"column":64},"end":{"line":247,"column":84}}},"26":{"name":"(anonymous_27)","decl":{"start":{"line":254,"column":10},"end":{"line":254,"column":35}},"loc":{"start":{"line":254,"column":46},"end":{"line":272,"column":3}}},"27":{"name":"(anonymous_28)","decl":{"start":{"line":269,"column":15},"end":{"line":269,"column":18}},"loc":{"start":{"line":269,"column":20},"end":{"line":271,"column":5}}},"28":{"name":"(anonymous_29)","decl":{"start":{"line":270,"column":59},"end":{"line":270,"column":60}},"loc":{"start":{"line":270,"column":64},"end":{"line":270,"column":84}}},"29":{"name":"(anonymous_30)","decl":{"start":{"line":277,"column":10},"end":{"line":277,"column":31}},"loc":{"start":{"line":277,"column":42},"end":{"line":295,"column":3}}},"30":{"name":"(anonymous_31)","decl":{"start":{"line":292,"column":15},"end":{"line":292,"column":18}},"loc":{"start":{"line":292,"column":20},"end":{"line":294,"column":5}}},"31":{"name":"(anonymous_32)","decl":{"start":{"line":293,"column":59},"end":{"line":293,"column":60}},"loc":{"start":{"line":293,"column":64},"end":{"line":293,"column":84}}},"32":{"name":"(anonymous_33)","decl":{"start":{"line":301,"column":10},"end":{"line":301,"column":28}},"loc":{"start":{"line":301,"column":28},"end":{"line":311,"column":3}}},"33":{"name":"(anonymous_34)","decl":{"start":{"line":302,"column":33},"end":{"line":302,"column":34}},"loc":{"start":{"line":302,"column":46},"end":{"line":304,"column":5}}},"34":{"name":"(anonymous_35)","decl":{"start":{"line":317,"column":10},"end":{"line":317,"column":24}},"loc":{"start":{"line":317,"column":46},"end":{"line":357,"column":3}}},"35":{"name":"(anonymous_36)","decl":{"start":{"line":363,"column":2},"end":{"line":363,"column":15}},"loc":{"start":{"line":363,"column":15},"end":{"line":372,"column":3}}},"36":{"name":"(anonymous_37)","decl":{"start":{"line":369,"column":34},"end":{"line":369,"column":37}},"loc":{"start":{"line":369,"column":39},"end":{"line":371,"column":5}}},"37":{"name":"(anonymous_38)","decl":{"start":{"line":374,"column":2},"end":{"line":374,"column":14}},"loc":{"start":{"line":374,"column":14},"end":{"line":381,"column":3}}},"38":{"name":"(anonymous_39)","decl":{"start":{"line":387,"column":2},"end":{"line":387,"column":8}},"loc":{"start":{"line":387,"column":8},"end":{"line":395,"column":3}}},"39":{"name":"(anonymous_40)","decl":{"start":{"line":401,"column":10},"end":{"line":401,"column":27}},"loc":{"start":{"line":401,"column":27},"end":{"line":415,"column":3}}},"40":{"name":"(anonymous_41)","decl":{"start":{"line":421,"column":10},"end":{"line":421,"column":23}},"loc":{"start":{"line":421,"column":23},"end":{"line":441,"column":3}}},"41":{"name":"(anonymous_42)","decl":{"start":{"line":422,"column":41},"end":{"line":422,"column":47}},"loc":{"start":{"line":422,"column":51},"end":{"line":422,"column":87}}},"42":{"name":"(anonymous_43)","decl":{"start":{"line":443,"column":10},"end":{"line":443,"column":25}},"loc":{"start":{"line":443,"column":25},"end":{"line":465,"column":3}}},"43":{"name":"(anonymous_44)","decl":{"start":{"line":444,"column":41},"end":{"line":444,"column":47}},"loc":{"start":{"line":444,"column":51},"end":{"line":444,"column":87}}},"44":{"name":"(anonymous_45)","decl":{"start":{"line":458,"column":53},"end":{"line":458,"column":54}},"loc":{"start":{"line":458,"column":65},"end":{"line":458,"column":73}}},"45":{"name":"(anonymous_46)","decl":{"start":{"line":467,"column":10},"end":{"line":467,"column":27}},"loc":{"start":{"line":467,"column":27},"end":{"line":480,"column":3}}},"46":{"name":"(anonymous_47)","decl":{"start":{"line":482,"column":10},"end":{"line":482,"column":21}},"loc":{"start":{"line":482,"column":21},"end":{"line":497,"column":3}}},"47":{"name":"(anonymous_48)","decl":{"start":{"line":503,"column":10},"end":{"line":503,"column":18}},"loc":{"start":{"line":503,"column":18},"end":{"line":533,"column":3}}},"48":{"name":"(anonymous_49)","decl":{"start":{"line":539,"column":10},"end":{"line":539,"column":19}},"loc":{"start":{"line":539,"column":19},"end":{"line":566,"column":3}}},"49":{"name":"(anonymous_50)","decl":{"start":{"line":556,"column":41},"end":{"line":556,"column":47}},"loc":{"start":{"line":556,"column":51},"end":{"line":556,"column":87}}},"50":{"name":"(anonymous_51)","decl":{"start":{"line":572,"column":10},"end":{"line":572,"column":20}},"loc":{"start":{"line":572,"column":20},"end":{"line":606,"column":3}}},"51":{"name":"(anonymous_52)","decl":{"start":{"line":581,"column":23},"end":{"line":581,"column":24}},"loc":{"start":{"line":581,"column":41},"end":{"line":592,"column":7}}},"52":{"name":"(anonymous_53)","decl":{"start":{"line":612,"column":10},"end":{"line":612,"column":21}},"loc":{"start":{"line":612,"column":21},"end":{"line":646,"column":3}}},"53":{"name":"(anonymous_54)","decl":{"start":{"line":621,"column":20},"end":{"line":621,"column":21}},"loc":{"start":{"line":621,"column":38},"end":{"line":632,"column":7}}},"54":{"name":"(anonymous_55)","decl":{"start":{"line":652,"column":10},"end":{"line":652,"column":22}},"loc":{"start":{"line":652,"column":22},"end":{"line":694,"column":3}}},"55":{"name":"(anonymous_56)","decl":{"start":{"line":657,"column":41},"end":{"line":657,"column":47}},"loc":{"start":{"line":657,"column":51},"end":{"line":657,"column":87}}},"56":{"name":"(anonymous_57)","decl":{"start":{"line":673,"column":29},"end":{"line":673,"column":30}},"loc":{"start":{"line":673,"column":45},"end":{"line":684,"column":7}}},"57":{"name":"(anonymous_58)","decl":{"start":{"line":679,"column":38},"end":{"line":679,"column":39}},"loc":{"start":{"line":679,"column":53},"end":{"line":683,"column":9}}},"58":{"name":"(anonymous_59)","decl":{"start":{"line":700,"column":10},"end":{"line":700,"column":18}},"loc":{"start":{"line":700,"column":18},"end":{"line":717,"column":3}}},"59":{"name":"(anonymous_60)","decl":{"start":{"line":723,"column":10},"end":{"line":723,"column":18}},"loc":{"start":{"line":723,"column":18},"end":{"line":751,"column":3}}},"60":{"name":"(anonymous_61)","decl":{"start":{"line":735,"column":40},"end":{"line":735,"column":46}},"loc":{"start":{"line":735,"column":49},"end":{"line":737,"column":7}}},"61":{"name":"(anonymous_62)","decl":{"start":{"line":740,"column":23},"end":{"line":740,"column":33}},"loc":{"start":{"line":740,"column":36},"end":{"line":743,"column":7}}},"62":{"name":"(anonymous_63)","decl":{"start":{"line":757,"column":10},"end":{"line":757,"column":30}},"loc":{"start":{"line":757,"column":40},"end":{"line":770,"column":3}}},"63":{"name":"(anonymous_64)","decl":{"start":{"line":761,"column":30},"end":{"line":761,"column":33}},"loc":{"start":{"line":761,"column":36},"end":{"line":767,"column":5}}},"64":{"name":"(anonymous_65)","decl":{"start":{"line":776,"column":10},"end":{"line":776,"column":31}},"loc":{"start":{"line":776,"column":31},"end":{"line":779,"column":3}}},"65":{"name":"(anonymous_66)","decl":{"start":{"line":785,"column":2},"end":{"line":785,"column":6}},"loc":{"start":{"line":785,"column":6},"end":{"line":797,"column":3}}},"66":{"name":"(anonymous_67)","decl":{"start":{"line":803,"column":2},"end":{"line":803,"column":9}},"loc":{"start":{"line":803,"column":9},"end":{"line":821,"column":3}}},"67":{"name":"(anonymous_68)","decl":{"start":{"line":810,"column":38},"end":{"line":810,"column":44}},"loc":{"start":{"line":810,"column":47},"end":{"line":812,"column":5}}},"68":{"name":"(anonymous_69)","decl":{"start":{"line":827,"column":10},"end":{"line":827,"column":26}},"loc":{"start":{"line":827,"column":41},"end":{"line":830,"column":3}}},"69":{"name":"(anonymous_70)","decl":{"start":{"line":832,"column":10},"end":{"line":832,"column":27}},"loc":{"start":{"line":832,"column":42},"end":{"line":835,"column":3}}},"70":{"name":"(anonymous_71)","decl":{"start":{"line":837,"column":10},"end":{"line":837,"column":29}},"loc":{"start":{"line":837,"column":44},"end":{"line":840,"column":3}}},"71":{"name":"(anonymous_72)","decl":{"start":{"line":846,"column":2},"end":{"line":846,"column":14}},"loc":{"start":{"line":846,"column":27},"end":{"line":848,"column":3}}}},"branchMap":{"0":{"loc":{"start":{"line":107,"column":36},"end":{"line":107,"column":91}},"type":"default-arg","locations":[{"start":{"line":107,"column":85},"end":{"line":107,"column":91}}]},"1":{"loc":{"start":{"line":107,"column":93},"end":{"line":107,"column":116}},"type":"default-arg","locations":[{"start":{"line":107,"column":112},"end":{"line":107,"column":116}}]},"2":{"loc":{"start":{"line":116,"column":4},"end":{"line":116,"column":65}},"type":"if","locations":[{"start":{"line":116,"column":4},"end":{"line":116,"column":65}},{"start":{},"end":{}}]},"3":{"loc":{"start":{"line":116,"column":8},"end":{"line":116,"column":56}},"type":"binary-expr","locations":[{"start":{"line":116,"column":8},"end":{"line":116,"column":24}},{"start":{"line":116,"column":28},"end":{"line":116,"column":56}}]},"4":{"loc":{"start":{"line":135,"column":4},"end":{"line":135,"column":34}},"type":"if","locations":[{"start":{"line":135,"column":4},"end":{"line":135,"column":34}},{"start":{},"end":{}}]},"5":{"loc":{"start":{"line":201,"column":17},"end":{"line":201,"column":47}},"type":"binary-expr","locations":[{"start":{"line":201,"column":17},"end":{"line":201,"column":39}},{"start":{"line":201,"column":43},"end":{"line":201,"column":47}}]},"6":{"loc":{"start":{"line":307,"column":4},"end":{"line":310,"column":5}},"type":"if","locations":[{"start":{"line":307,"column":4},"end":{"line":310,"column":5}},{"start":{},"end":{}}]},"7":{"loc":{"start":{"line":318,"column":4},"end":{"line":356,"column":5}},"type":"switch","locations":[{"start":{"line":319,"column":6},"end":{"line":321,"column":14}},{"start":{"line":323,"column":6},"end":{"line":325,"column":14}},{"start":{"line":327,"column":6},"end":{"line":329,"column":14}},{"start":{"line":331,"column":6},"end":{"line":333,"column":14}},{"start":{"line":335,"column":6},"end":{"line":337,"column":14}},{"start":{"line":339,"column":6},"end":{"line":341,"column":14}},{"start":{"line":343,"column":6},"end":{"line":345,"column":14}},{"start":{"line":347,"column":6},"end":{"line":349,"column":14}},{"start":{"line":351,"column":6},"end":{"line":355,"column":14}}]},"8":{"loc":{"start":{"line":352,"column":8},"end":{"line":354,"column":9}},"type":"if","locations":[{"start":{"line":352,"column":8},"end":{"line":354,"column":9}},{"start":{},"end":{}}]},"9":{"loc":{"start":{"line":352,"column":12},"end":{"line":352,"column":42}},"type":"binary-expr","locations":[{"start":{"line":352,"column":12},"end":{"line":352,"column":21}},{"start":{"line":352,"column":25},"end":{"line":352,"column":42}}]},"10":{"loc":{"start":{"line":364,"column":4},"end":{"line":364,"column":31}},"type":"if","locations":[{"start":{"line":364,"column":4},"end":{"line":364,"column":31}},{"start":{},"end":{}}]},"11":{"loc":{"start":{"line":375,"column":4},"end":{"line":378,"column":5}},"type":"if","locations":[{"start":{"line":375,"column":4},"end":{"line":378,"column":5}},{"start":{},"end":{}}]},"12":{"loc":{"start":{"line":388,"column":4},"end":{"line":388,"column":32}},"type":"if","locations":[{"start":{"line":388,"column":4},"end":{"line":388,"column":32}},{"start":{},"end":{}}]},"13":{"loc":{"start":{"line":424,"column":4},"end":{"line":424,"column":23}},"type":"if","locations":[{"start":{"line":424,"column":4},"end":{"line":424,"column":23}},{"start":{},"end":{}}]},"14":{"loc":{"start":{"line":446,"column":4},"end":{"line":446,"column":23}},"type":"if","locations":[{"start":{"line":446,"column":4},"end":{"line":446,"column":23}},{"start":{},"end":{}}]},"15":{"loc":{"start":{"line":457,"column":4},"end":{"line":462,"column":5}},"type":"if","locations":[{"start":{"line":457,"column":4},"end":{"line":462,"column":5}},{"start":{},"end":{}}]},"16":{"loc":{"start":{"line":459,"column":6},"end":{"line":461,"column":7}},"type":"if","locations":[{"start":{"line":459,"column":6},"end":{"line":461,"column":7}},{"start":{},"end":{}}]},"17":{"loc":{"start":{"line":557,"column":4},"end":{"line":562,"column":5}},"type":"if","locations":[{"start":{"line":557,"column":4},"end":{"line":562,"column":5}},{"start":{},"end":{}}]},"18":{"loc":{"start":{"line":579,"column":4},"end":{"line":595,"column":5}},"type":"if","locations":[{"start":{"line":579,"column":4},"end":{"line":595,"column":5}},{"start":{"line":593,"column":11},"end":{"line":595,"column":5}}]},"19":{"loc":{"start":{"line":586,"column":8},"end":{"line":588,"column":9}},"type":"if","locations":[{"start":{"line":586,"column":8},"end":{"line":588,"column":9}},{"start":{},"end":{}}]},"20":{"loc":{"start":{"line":589,"column":8},"end":{"line":591,"column":9}},"type":"if","locations":[{"start":{"line":589,"column":8},"end":{"line":591,"column":9}},{"start":{},"end":{}}]},"21":{"loc":{"start":{"line":619,"column":4},"end":{"line":635,"column":5}},"type":"if","locations":[{"start":{"line":619,"column":4},"end":{"line":635,"column":5}},{"start":{"line":633,"column":11},"end":{"line":635,"column":5}}]},"22":{"loc":{"start":{"line":626,"column":8},"end":{"line":628,"column":9}},"type":"if","locations":[{"start":{"line":626,"column":8},"end":{"line":628,"column":9}},{"start":{},"end":{}}]},"23":{"loc":{"start":{"line":629,"column":8},"end":{"line":631,"column":9}},"type":"if","locations":[{"start":{"line":629,"column":8},"end":{"line":631,"column":9}},{"start":{},"end":{}}]},"24":{"loc":{"start":{"line":659,"column":4},"end":{"line":659,"column":73}},"type":"if","locations":[{"start":{"line":659,"column":4},"end":{"line":659,"column":73}},{"start":{},"end":{}}]},"25":{"loc":{"start":{"line":659,"column":8},"end":{"line":659,"column":64}},"type":"binary-expr","locations":[{"start":{"line":659,"column":8},"end":{"line":659,"column":14}},{"start":{"line":659,"column":18},"end":{"line":659,"column":44}},{"start":{"line":659,"column":48},"end":{"line":659,"column":64}}]},"26":{"loc":{"start":{"line":671,"column":4},"end":{"line":687,"column":5}},"type":"if","locations":[{"start":{"line":671,"column":4},"end":{"line":687,"column":5}},{"start":{"line":685,"column":11},"end":{"line":687,"column":5}}]},"27":{"loc":{"start":{"line":676,"column":8},"end":{"line":676,"column":33}},"type":"if","locations":[{"start":{"line":676,"column":8},"end":{"line":676,"column":33}},{"start":{},"end":{}}]},"28":{"loc":{"start":{"line":680,"column":10},"end":{"line":682,"column":11}},"type":"if","locations":[{"start":{"line":680,"column":10},"end":{"line":682,"column":11}},{"start":{},"end":{}}]},"29":{"loc":{"start":{"line":762,"column":6},"end":{"line":766,"column":7}},"type":"if","locations":[{"start":{"line":762,"column":6},"end":{"line":766,"column":7}},{"start":{"line":764,"column":13},"end":{"line":766,"column":7}}]},"30":{"loc":{"start":{"line":762,"column":10},"end":{"line":762,"column":52}},"type":"binary-expr","locations":[{"start":{"line":762,"column":10},"end":{"line":762,"column":19}},{"start":{"line":762,"column":23},"end":{"line":762,"column":52}}]},"31":{"loc":{"start":{"line":791,"column":4},"end":{"line":794,"column":5}},"type":"if","locations":[{"start":{"line":791,"column":4},"end":{"line":794,"column":5}},{"start":{},"end":{}}]}},"s":{"0":0,"1":0,"2":0,"3":0,"4":0,"5":0,"6":0,"7":0,"8":0,"9":0,"10":0,"11":0,"12":0,"13":0,"14":0,"15":0,"16":0,"17":0,"18":0,"19":0,"20":0,"21":0,"22":0,"23":0,"24":0,"25":0,"26":0,"27":0,"28":0,"29":0,"30":0,"31":0,"32":0,"33":0,"34":0,"35":0,"36":0,"37":0,"38":0,"39":0,"40":0,"41":0,"42":0,"43":0,"44":0,"45":0,"46":0,"47":0,"48":0,"49":0,"50":0,"51":0,"52":0,"53":0,"54":0,"55":0,"56":0,"57":0,"58":0,"59":0,"60":0,"61":0,"62":0,"63":0,"64":0,"65":0,"66":0,"67":0,"68":0,"69":0,"70":0,"71":0,"72":0,"73":0,"74":0,"75":0,"76":0,"77":0,"78":0,"79":0,"80":0,"81":0,"82":0,"83":0,"84":0,"85":0,"86":0,"87":0,"88":0,"89":0,"90":0,"91":0,"92":0,"93":0,"94":0,"95":0,"96":0,"97":0,"98":0,"99":0,"100":0,"101":0,"102":0,"103":0,"104":0,"105":0,"106":0,"107":0,"108":0,"109":0,"110":0,"111":0,"112":0,"113":0,"114":0,"115":0,"116":0,"117":0,"118":0,"119":0,"120":0,"121":0,"122":0,"123":0,"124":0,"125":0,"126":0,"127":0,"128":0,"129":0,"130":0,"131":0,"132":0,"133":0,"134":0,"135":0,"136":0,"137":0,"138":0,"139":0,"140":0,"141":0,"142":0,"143":0,"144":0,"145":0,"146":0,"147":0,"148":0,"149":0,"150":0,"151":0,"152":0,"153":0,"154":0,"155":0,"156":0,"157":0,"158":0,"159":0,"160":0,"161":0,"162":0,"163":0,"164":0,"165":0,"166":0,"167":0,"168":0,"169":0,"170":0,"171":0,"172":0,"173":0,"174":0,"175":0,"176":0,"177":0,"178":0,"179":0,"180":0,"181":0,"182":0,"183":0,"184":0,"185":0,"186":0,"187":0,"188":0,"189":0,"190":0,"191":0,"192":0,"193":0,"194":0,"195":0,"196":0,"197":0,"198":0,"199":0,"200":0,"201":0,"202":0,"203":0,"204":0,"205":0,"206":0,"207":0,"208":0,"209":0,"210":0,"211":0,"212":0,"213":0,"214":0,"215":0,"216":0,"217":0,"218":0,"219":0,"220":0,"221":0,"222":0,"223":0,"224":0,"225":0,"226":0,"227":0,"228":0,"229":0,"230":0,"231":0,"232":0,"233":0,"234":0,"235":0,"236":0,"237":0,"238":0,"239":0,"240":0,"241":0,"242":0,"243":0,"244":0,"245":0,"246":0,"247":0,"248":0,"249":0,"250":0,"251":0,"252":0,"253":0,"254":0,"255":0,"256":0,"257":0,"258":0,"259":0,"260":0,"261":0,"262":0,"263":0,"264":0,"265":0,"266":0,"267":0,"268":0,"269":0,"270":0,"271":0,"272":0,"273":0,"274":0,"275":0,"276":0,"277":0,"278":0,"279":0,"280":0,"281":0,"282":0,"283":0,"284":0,"285":0,"286":0,"287":0,"288":0,"289":0,"290":0,"291":0,"292":0,"293":0,"294":0,"295":0,"296":0,"297":0,"298":0,"299":0,"300":0,"301":0,"302":0,"303":0,"304":0,"305":0,"306":0,"307":0,"308":0,"309":0,"310":0,"311":0,"312":0,"313":0,"314":0,"315":0,"316":0,"317":0,"318":0,"319":0,"320":0,"321":0,"322":0,"323":0,"324":0,"325":0,"326":0,"327":0,"328":0,"329":0,"330":0,"331":0,"332":0,"333":0,"334":0,"335":0,"336":0,"337":0,"338":0,"339":0,"340":0,"341":0,"342":0,"343":0,"344":0,"345":0,"346":0,"347":0,"348":0,"349":0,"350":0,"351":0,"352":0,"353":0,"354":0,"355":0,"356":0,"357":0,"358":0,"359":0},"f":{"0":0,"1":0,"2":0,"3":0,"4":0,"5":0,"6":0,"7":0,"8":0,"9":0,"10":0,"11":0,"12":0,"13":0,"14":0,"15":0,"16":0,"17":0,"18":0,"19":0,"20":0,"21":0,"22":0,"23":0,"24":0,"25":0,"26":0,"27":0,"28":0,"29":0,"30":0,"31":0,"32":0,"33":0,"34":0,"35":0,"36":0,"37":0,"38":0,"39":0,"40":0,"41":0,"42":0,"43":0,"44":0,"45":0,"46":0,"47":0,"48":0,"49":0,"50":0,"51":0,"52":0,"53":0,"54":0,"55":0,"56":0,"57":0,"58":0,"59":0,"60":0,"61":0,"62":0,"63":0,"64":0,"65":0,"66":0,"67":0,"68":0,"69":0,"70":0,"71":0},"b":{"0":[0],"1":[0],"2":[0,0],"3":[0,0],"4":[0,0],"5":[0,0],"6":[0,0],"7":[0,0,0,0,0,0,0,0,0],"8":[0,0],"9":[0,0],"10":[0,0],"11":[0,0],"12":[0,0],"13":[0,0],"14":[0,0],"15":[0,0],"16":[0,0],"17":[0,0],"18":[0,0],"19":[0,0],"20":[0,0],"21":[0,0],"22":[0,0],"23":[0,0],"24":[0,0],"25":[0,0,0],"26":[0,0],"27":[0,0],"28":[0,0],"29":[0,0],"30":[0,0],"31":[0,0]}}
}
