TN:
SF:src/components.ts
FN:52,(anonymous_0)
FN:68,(anonymous_1)
FN:85,(anonymous_2)
FN:126,(anonymous_3)
FN:130,(anonymous_4)
FN:138,(anonymous_5)
FN:161,(anonymous_6)
FN:165,(anonymous_7)
FN:190,(anonymous_8)
FN:209,(anonymous_9)
FN:213,(anonymous_10)
FN:232,(anonymous_11)
FN:236,(anonymous_12)
FN:253,(anonymous_13)
FN:257,(anonymous_14)
FN:265,(anonymous_15)
FN:288,(anonymous_16)
FN:292,(anonymous_17)
FN:322,(anonymous_18)
FN:326,(anonymous_19)
FN:363,(anonymous_20)
FN:367,(anonymous_21)
FN:369,(anonymous_22)
FN:394,(anonymous_23)
FN:398,(anonymous_24)
FN:403,(anonymous_25)
FN:427,(anonymous_26)
FN:431,(anonymous_27)
FN:455,(anonymous_28)
FN:459,(anonymous_29)
FN:466,(anonymous_30)
FN:478,(anonymous_31)
FN:480,(anonymous_32)
FN:487,(anonymous_33)
FN:488,(anonymous_34)
FN:510,(anonymous_35)
FN:514,(anonymous_36)
FN:521,(anonymous_37)
FN:532,(anonymous_38)
FN:547,(anonymous_39)
FN:551,(anonymous_40)
FN:557,(anonymous_41)
FN:558,(anonymous_42)
FN:577,(anonymous_43)
FN:581,(anonymous_44)
FN:589,(anonymous_45)
FN:647,(anonymous_46)
FN:654,(anonymous_47)
FN:655,(anonymous_48)
FN:663,(anonymous_49)
FN:668,(anonymous_50)
FN:671,(anonymous_51)
FN:693,(anonymous_52)
FN:694,(anonymous_53)
FN:707,(anonymous_54)
FN:708,(anonymous_55)
FN:718,(anonymous_56)
FN:721,(anonymous_57)
FN:730,(anonymous_58)
FN:731,(anonymous_59)
FN:737,(anonymous_60)
FN:738,(anonymous_61)
FN:789,(anonymous_62)
FN:797,(anonymous_63)
FN:798,(anonymous_64)
FN:807,(anonymous_65)
FN:814,(anonymous_66)
FN:817,(anonymous_67)
FN:844,(anonymous_68)
FN:845,(anonymous_69)
FN:851,(anonymous_70)
FN:852,(anonymous_71)
FN:858,(anonymous_72)
FN:859,(anonymous_73)
FN:865,(anonymous_74)
FN:903,(anonymous_75)
FN:911,(anonymous_76)
FN:941,(anonymous_77)
FN:952,(anonymous_78)
FN:962,(anonymous_79)
FN:963,(anonymous_80)
FN:969,(anonymous_81)
FN:971,(anonymous_82)
FN:983,(anonymous_83)
FN:984,(anonymous_84)
FN:995,(anonymous_85)
FN:996,(anonymous_86)
FN:1029,(anonymous_87)
FN:1036,(anonymous_88)
FN:1059,(anonymous_89)
FN:1072,(anonymous_90)
FN:1074,(anonymous_91)
FN:1080,(anonymous_92)
FN:1081,(anonymous_93)
FN:1092,(anonymous_94)
FN:1094,(anonymous_95)
FN:1121,(anonymous_96)
FN:1125,(anonymous_97)
FN:1144,(anonymous_98)
FN:1148,(anonymous_99)
FN:1153,(anonymous_100)
FN:1179,(anonymous_101)
FN:1184,(anonymous_102)
FN:1192,(anonymous_103)
FN:1209,(anonymous_104)
FN:1210,(anonymous_105)
FN:1219,(anonymous_106)
FN:1220,(anonymous_107)
FN:1224,(anonymous_108)
FN:1225,(anonymous_109)
FN:1229,(anonymous_110)
FN:1230,(anonymous_111)
FN:1286,(anonymous_112)
FN:1293,(anonymous_113)
FN:1294,(anonymous_114)
FN:1302,(anonymous_115)
FN:1303,(anonymous_116)
FN:1313,(anonymous_117)
FN:1318,(anonymous_118)
FN:1343,(anonymous_119)
FN:1345,(anonymous_120)
FN:1352,(anonymous_121)
FN:1397,(anonymous_122)
FN:1404,(anonymous_123)
FN:1405,(anonymous_124)
FN:1413,(anonymous_125)
FN:1414,(anonymous_126)
FN:1418,(anonymous_127)
FN:1424,(anonymous_128)
FN:1443,(anonymous_129)
FN:1444,(anonymous_130)
FN:1455,(anonymous_131)
FN:1457,(anonymous_132)
FN:1457,(anonymous_133)
FN:1458,(anonymous_134)
FN:1471,(anonymous_135)
FN:1473,(anonymous_136)
FN:1474,(anonymous_137)
FN:1502,(anonymous_138)
FN:1509,(anonymous_139)
FN:1512,(anonymous_140)
FN:1518,(anonymous_141)
FN:1519,(anonymous_142)
FN:1528,(anonymous_143)
FN:1530,(anonymous_144)
FN:1547,(anonymous_145)
FN:1548,(anonymous_146)
FN:1552,(anonymous_147)
FN:1553,(anonymous_148)
FN:1559,(anonymous_149)
FN:1560,(anonymous_150)
FN:1568,(anonymous_151)
FN:1569,(anonymous_152)
FN:1584,(anonymous_153)
FN:1585,(anonymous_154)
FN:1628,(anonymous_155)
FN:1688,(anonymous_156)
FN:1738,(anonymous_157)
FN:1758,createComponent
FN:1765,getComponent
FN:1769,addComponent
FN:1781,removeComponent
FN:1788,hasComponent
FNF:163
FNH:17
FNDA:0,(anonymous_0)
FNDA:0,(anonymous_1)
FNDA:0,(anonymous_2)
FNDA:5,(anonymous_3)
FNDA:1,(anonymous_4)
FNDA:0,(anonymous_5)
FNDA:0,(anonymous_6)
FNDA:0,(anonymous_7)
FNDA:0,(anonymous_8)
FNDA:0,(anonymous_9)
FNDA:0,(anonymous_10)
FNDA:0,(anonymous_11)
FNDA:0,(anonymous_12)
FNDA:0,(anonymous_13)
FNDA:0,(anonymous_14)
FNDA:0,(anonymous_15)
FNDA:0,(anonymous_16)
FNDA:0,(anonymous_17)
FNDA:0,(anonymous_18)
FNDA:0,(anonymous_19)
FNDA:0,(anonymous_20)
FNDA:0,(anonymous_21)
FNDA:0,(anonymous_22)
FNDA:0,(anonymous_23)
FNDA:0,(anonymous_24)
FNDA:0,(anonymous_25)
FNDA:0,(anonymous_26)
FNDA:0,(anonymous_27)
FNDA:0,(anonymous_28)
FNDA:0,(anonymous_29)
FNDA:0,(anonymous_30)
FNDA:0,(anonymous_31)
FNDA:0,(anonymous_32)
FNDA:0,(anonymous_33)
FNDA:0,(anonymous_34)
FNDA:0,(anonymous_35)
FNDA:0,(anonymous_36)
FNDA:0,(anonymous_37)
FNDA:0,(anonymous_38)
FNDA:0,(anonymous_39)
FNDA:0,(anonymous_40)
FNDA:0,(anonymous_41)
FNDA:0,(anonymous_42)
FNDA:0,(anonymous_43)
FNDA:0,(anonymous_44)
FNDA:0,(anonymous_45)
FNDA:0,(anonymous_46)
FNDA:0,(anonymous_47)
FNDA:0,(anonymous_48)
FNDA:0,(anonymous_49)
FNDA:0,(anonymous_50)
FNDA:0,(anonymous_51)
FNDA:0,(anonymous_52)
FNDA:0,(anonymous_53)
FNDA:0,(anonymous_54)
FNDA:0,(anonymous_55)
FNDA:0,(anonymous_56)
FNDA:0,(anonymous_57)
FNDA:0,(anonymous_58)
FNDA:0,(anonymous_59)
FNDA:0,(anonymous_60)
FNDA:0,(anonymous_61)
FNDA:0,(anonymous_62)
FNDA:0,(anonymous_63)
FNDA:0,(anonymous_64)
FNDA:0,(anonymous_65)
FNDA:0,(anonymous_66)
FNDA:0,(anonymous_67)
FNDA:0,(anonymous_68)
FNDA:0,(anonymous_69)
FNDA:0,(anonymous_70)
FNDA:0,(anonymous_71)
FNDA:0,(anonymous_72)
FNDA:0,(anonymous_73)
FNDA:0,(anonymous_74)
FNDA:5,(anonymous_75)
FNDA:5,(anonymous_76)
FNDA:100,(anonymous_77)
FNDA:100,(anonymous_78)
FNDA:5,(anonymous_79)
FNDA:28,(anonymous_80)
FNDA:0,(anonymous_81)
FNDA:0,(anonymous_82)
FNDA:5,(anonymous_83)
FNDA:20,(anonymous_84)
FNDA:3,(anonymous_85)
FNDA:60,(anonymous_86)
FNDA:5,(anonymous_87)
FNDA:8,(anonymous_88)
FNDA:11,(anonymous_89)
FNDA:0,(anonymous_90)
FNDA:0,(anonymous_91)
FNDA:0,(anonymous_92)
FNDA:0,(anonymous_93)
FNDA:0,(anonymous_94)
FNDA:0,(anonymous_95)
FNDA:5,(anonymous_96)
FNDA:0,(anonymous_97)
FNDA:5,(anonymous_98)
FNDA:0,(anonymous_99)
FNDA:0,(anonymous_100)
FNDA:0,(anonymous_101)
FNDA:0,(anonymous_102)
FNDA:0,(anonymous_103)
FNDA:0,(anonymous_104)
FNDA:0,(anonymous_105)
FNDA:0,(anonymous_106)
FNDA:0,(anonymous_107)
FNDA:0,(anonymous_108)
FNDA:0,(anonymous_109)
FNDA:0,(anonymous_110)
FNDA:0,(anonymous_111)
FNDA:0,(anonymous_112)
FNDA:0,(anonymous_113)
FNDA:0,(anonymous_114)
FNDA:0,(anonymous_115)
FNDA:0,(anonymous_116)
FNDA:0,(anonymous_117)
FNDA:0,(anonymous_118)
FNDA:0,(anonymous_119)
FNDA:0,(anonymous_120)
FNDA:0,(anonymous_121)
FNDA:0,(anonymous_122)
FNDA:0,(anonymous_123)
FNDA:0,(anonymous_124)
FNDA:0,(anonymous_125)
FNDA:0,(anonymous_126)
FNDA:0,(anonymous_127)
FNDA:0,(anonymous_128)
FNDA:0,(anonymous_129)
FNDA:0,(anonymous_130)
FNDA:0,(anonymous_131)
FNDA:0,(anonymous_132)
FNDA:0,(anonymous_133)
FNDA:0,(anonymous_134)
FNDA:0,(anonymous_135)
FNDA:0,(anonymous_136)
FNDA:0,(anonymous_137)
FNDA:0,(anonymous_138)
FNDA:0,(anonymous_139)
FNDA:0,(anonymous_140)
FNDA:0,(anonymous_141)
FNDA:0,(anonymous_142)
FNDA:0,(anonymous_143)
FNDA:0,(anonymous_144)
FNDA:0,(anonymous_145)
FNDA:0,(anonymous_146)
FNDA:0,(anonymous_147)
FNDA:0,(anonymous_148)
FNDA:0,(anonymous_149)
FNDA:0,(anonymous_150)
FNDA:0,(anonymous_151)
FNDA:0,(anonymous_152)
FNDA:0,(anonymous_153)
FNDA:0,(anonymous_154)
FNDA:0,(anonymous_155)
FNDA:0,(anonymous_156)
FNDA:0,(anonymous_157)
FNDA:0,createComponent
FNDA:0,getComponent
FNDA:0,addComponent
FNDA:0,removeComponent
FNDA:0,hasComponent
DA:40,1
DA:41,1
DA:43,0
DA:44,0
DA:45,0
DA:46,0
DA:47,0
DA:48,0
DA:49,0
DA:50,0
DA:53,0
DA:61,1
DA:62,1
DA:64,0
DA:65,0
DA:66,0
DA:69,0
DA:70,0
DA:71,0
DA:79,1
DA:80,1
DA:82,0
DA:83,0
DA:86,0
DA:87,0
DA:99,1
DA:100,1
DA:102,5
DA:110,5
DA:118,5
DA:127,5
DA:131,1
DA:132,0
DA:134,0
DA:135,0
DA:139,0
DA:140,0
DA:142,0
DA:143,0
DA:151,1
DA:152,1
DA:154,0
DA:155,0
DA:156,0
DA:157,0
DA:158,0
DA:159,0
DA:162,0
DA:170,0
DA:182,1
DA:183,1
DA:185,0
DA:186,0
DA:187,0
DA:188,0
DA:191,0
DA:198,1
DA:199,1
DA:201,0
DA:202,0
DA:203,0
DA:204,0
DA:205,0
DA:206,0
DA:207,0
DA:210,0
DA:214,0
DA:221,1
DA:222,1
DA:224,0
DA:225,0
DA:226,0
DA:227,0
DA:228,0
DA:229,0
DA:230,0
DA:233,0
DA:237,0
DA:244,1
DA:245,1
DA:247,0
DA:248,0
DA:249,0
DA:250,0
DA:251,0
DA:254,0
DA:258,0
DA:259,0
DA:260,0
DA:262,0
DA:266,0
DA:267,0
DA:269,0
DA:271,0
DA:278,1
DA:279,1
DA:281,0
DA:282,0
DA:283,0
DA:284,0
DA:285,0
DA:286,0
DA:289,0
DA:293,0
DA:300,1
DA:301,1
DA:303,0
DA:310,0
DA:318,0
DA:319,0
DA:320,0
DA:323,0
DA:327,0
DA:328,0
DA:329,0
DA:330,0
DA:331,0
DA:332,0
DA:333,0
DA:336,0
DA:337,0
DA:349,1
DA:350,1
DA:352,0
DA:364,0
DA:368,0
DA:369,0
DA:379,1
DA:380,1
DA:382,0
DA:383,0
DA:388,0
DA:395,0
DA:402,0
DA:403,0
DA:415,1
DA:416,1
DA:418,0
DA:419,0
DA:420,0
DA:421,0
DA:422,0
DA:423,0
DA:424,0
DA:425,0
DA:428,0
DA:432,0
DA:433,0
DA:434,0
DA:442,1
DA:443,1
DA:445,0
DA:456,0
DA:466,0
DA:467,0
DA:468,0
DA:469,0
DA:471,0
DA:479,0
DA:480,0
DA:482,0
DA:483,0
DA:488,0
DA:489,0
DA:490,0
DA:503,1
DA:504,1
DA:506,0
DA:507,0
DA:508,0
DA:511,0
DA:515,0
DA:516,0
DA:517,0
DA:522,0
DA:524,0
DA:525,0
DA:526,0
DA:527,0
DA:529,0
DA:533,0
DA:541,1
DA:542,1
DA:544,0
DA:545,0
DA:548,0
DA:552,0
DA:553,0
DA:554,0
DA:558,0
DA:559,0
DA:560,0
DA:562,0
DA:570,1
DA:571,1
DA:573,0
DA:574,0
DA:575,0
DA:578,0
DA:582,0
DA:583,0
DA:584,0
DA:586,0
DA:590,0
DA:639,1
DA:640,1
DA:642,0
DA:643,0
DA:644,0
DA:645,0
DA:648,0
DA:655,0
DA:656,0
DA:657,0
DA:668,0
DA:669,0
DA:671,0
DA:672,0
DA:675,0
DA:680,0
DA:681,0
DA:684,0
DA:694,0
DA:695,0
DA:696,0
DA:697,0
DA:698,0
DA:699,0
DA:701,0
DA:708,0
DA:709,0
DA:711,0
DA:712,0
DA:719,0
DA:720,0
DA:721,0
DA:722,0
DA:723,0
DA:731,0
DA:738,0
DA:781,1
DA:782,1
DA:784,0
DA:785,0
DA:786,0
DA:787,0
DA:790,0
DA:791,0
DA:798,0
DA:799,0
DA:800,0
DA:801,0
DA:812,0
DA:814,0
DA:815,0
DA:817,0
DA:818,0
DA:820,0
DA:826,0
DA:827,0
DA:828,0
DA:829,0
DA:830,0
DA:831,0
DA:832,0
DA:838,0
DA:845,0
DA:852,0
DA:859,0
DA:866,0
DA:895,1
DA:896,1
DA:898,5
DA:899,5
DA:900,5
DA:901,5
DA:904,5
DA:905,5
DA:912,5
DA:913,100
DA:934,100
DA:942,100
DA:943,75
DA:944,50
DA:945,25
DA:946,10
DA:953,100
DA:954,100
DA:955,100
DA:956,100
DA:963,28
DA:970,0
DA:971,0
DA:972,0
DA:974,0
DA:975,0
DA:976,0
DA:977,0
DA:984,20
DA:985,5
DA:987,5
DA:988,5
DA:989,5
DA:996,60
DA:1023,1
DA:1024,1
DA:1026,5
DA:1027,5
DA:1030,5
DA:1042,8
DA:1044,8
DA:1058,8
DA:1059,11
DA:1062,8
DA:1063,0
DA:1066,8
DA:1073,0
DA:1074,0
DA:1081,0
DA:1082,0
DA:1083,0
DA:1084,0
DA:1086,0
DA:1093,0
DA:1094,0
DA:1095,0
DA:1107,1
DA:1108,1
DA:1110,5
DA:1111,5
DA:1112,5
DA:1113,5
DA:1122,5
DA:1127,0
DA:1134,1
DA:1135,1
DA:1137,5
DA:1138,5
DA:1139,5
DA:1140,5
DA:1141,5
DA:1142,5
DA:1145,5
DA:1149,0
DA:1150,0
DA:1154,0
DA:1155,0
DA:1157,0
DA:1165,1
DA:1166,1
DA:1168,0
DA:1180,0
DA:1192,0
DA:1193,0
DA:1194,0
DA:1195,0
DA:1196,0
DA:1197,0
DA:1198,0
DA:1201,0
DA:1205,0
DA:1210,0
DA:1211,0
DA:1212,0
DA:1213,0
DA:1215,0
DA:1220,0
DA:1225,0
DA:1230,0
DA:1231,0
DA:1232,0
DA:1233,0
DA:1234,0
DA:1278,1
DA:1279,1
DA:1281,0
DA:1282,0
DA:1283,0
DA:1284,0
DA:1287,0
DA:1294,0
DA:1295,0
DA:1303,0
DA:1304,0
DA:1314,0
DA:1315,0
DA:1318,0
DA:1319,0
DA:1321,0
DA:1322,0
DA:1323,0
DA:1325,0
DA:1326,0
DA:1327,0
DA:1328,0
DA:1331,0
DA:1333,0
DA:1337,0
DA:1345,0
DA:1346,0
DA:1347,0
DA:1352,0
DA:1353,0
DA:1354,0
DA:1391,1
DA:1392,1
DA:1394,0
DA:1395,0
DA:1398,0
DA:1405,0
DA:1406,0
DA:1414,0
DA:1415,0
DA:1418,0
DA:1419,0
DA:1423,0
DA:1424,0
DA:1425,0
DA:1426,0
DA:1427,0
DA:1432,0
DA:1433,0
DA:1434,0
DA:1435,0
DA:1437,0
DA:1444,0
DA:1445,0
DA:1446,0
DA:1447,0
DA:1449,0
DA:1456,0
DA:1457,0
DA:1458,0
DA:1459,0
DA:1465,0
DA:1472,0
DA:1473,0
DA:1474,0
DA:1496,1
DA:1497,1
DA:1499,0
DA:1500,0
DA:1503,0
DA:1510,0
DA:1512,0
DA:1519,0
DA:1520,0
DA:1530,0
DA:1547,1
DA:1548,0
DA:1549,0
DA:1550,0
DA:1552,0
DA:1553,0
DA:1554,0
DA:1556,0
DA:1559,1
DA:1560,0
DA:1561,0
DA:1564,0
DA:1567,0
DA:1568,0
DA:1569,0
DA:1570,0
DA:1571,0
DA:1572,0
DA:1573,0
DA:1574,0
DA:1581,0
DA:1584,1
DA:1585,0
DA:1586,0
DA:1592,1
DA:1627,1
DA:1632,0
DA:1635,0
DA:1640,0
DA:1645,0
DA:1651,0
DA:1657,0
DA:1659,0
DA:1660,0
DA:1661,0
DA:1663,0
DA:1664,0
DA:1665,0
DA:1667,0
DA:1668,0
DA:1669,0
DA:1671,0
DA:1672,0
DA:1673,0
DA:1674,0
DA:1676,0
DA:1677,0
DA:1678,0
DA:1682,0
DA:1683,0
DA:1685,0
DA:1690,0
DA:1693,0
DA:1694,0
DA:1698,0
DA:1699,0
DA:1703,0
DA:1706,0
DA:1711,0
DA:1712,0
DA:1714,0
DA:1735,0
DA:1739,0
DA:1750,0
DA:1758,1
DA:1759,0
DA:1760,0
DA:1762,0
DA:1765,1
DA:1766,0
DA:1769,1
DA:1770,0
DA:1772,0
DA:1773,0
DA:1774,0
DA:1775,0
DA:1778,0
DA:1781,1
DA:1782,0
DA:1784,0
DA:1785,0
DA:1788,1
DA:1789,0
LF:531
LH:117
BRDA:52,0,0,0
BRDA:68,1,0,0
BRDA:68,2,0,0
BRDA:68,3,0,0
BRDA:85,4,0,0
BRDA:85,5,0,0
BRDA:126,6,0,5
BRDA:131,7,0,1
BRDA:131,7,1,0
BRDA:132,8,0,0
BRDA:132,8,1,0
BRDA:139,9,0,0
BRDA:139,9,1,0
BRDA:140,10,0,0
BRDA:140,10,1,0
BRDA:161,11,0,0
BRDA:190,12,0,0
BRDA:209,13,0,0
BRDA:232,14,0,0
BRDA:253,15,0,0
BRDA:258,16,0,0
BRDA:258,16,1,0
BRDA:266,17,0,0
BRDA:266,17,1,0
BRDA:288,18,0,0
BRDA:322,19,0,0
BRDA:328,20,0,0
BRDA:328,20,1,0
BRDA:363,21,0,0
BRDA:369,22,0,0
BRDA:369,22,1,0
BRDA:369,22,2,0
BRDA:394,23,0,0
BRDA:427,24,0,0
BRDA:434,25,0,0
BRDA:434,25,1,0
BRDA:455,26,0,0
BRDA:466,27,0,0
BRDA:466,27,1,0
BRDA:467,28,0,0
BRDA:467,28,1,0
BRDA:480,29,0,0
BRDA:480,29,1,0
BRDA:480,29,2,0
BRDA:482,30,0,0
BRDA:482,30,1,0
BRDA:510,31,0,0
BRDA:522,32,0,0
BRDA:522,32,1,0
BRDA:524,33,0,0
BRDA:524,33,1,0
BRDA:547,34,0,0
BRDA:552,35,0,0
BRDA:552,35,1,0
BRDA:559,36,0,0
BRDA:559,36,1,0
BRDA:577,37,0,0
BRDA:582,38,0,0
BRDA:582,38,1,0
BRDA:647,39,0,0
BRDA:655,40,0,0
BRDA:655,40,1,0
BRDA:666,41,0,0
BRDA:669,42,0,0
BRDA:669,42,1,0
BRDA:669,43,0,0
BRDA:669,43,1,0
BRDA:672,44,0,0
BRDA:672,44,1,0
BRDA:672,45,0,0
BRDA:672,45,1,0
BRDA:672,45,2,0
BRDA:680,46,0,0
BRDA:680,46,1,0
BRDA:695,47,0,0
BRDA:695,47,1,0
BRDA:695,48,0,0
BRDA:695,48,1,0
BRDA:709,49,0,0
BRDA:709,49,1,0
BRDA:709,50,0,0
BRDA:709,50,1,0
BRDA:709,50,2,0
BRDA:720,51,0,0
BRDA:720,51,1,0
BRDA:731,52,0,0
BRDA:731,52,1,0
BRDA:738,53,0,0
BRDA:738,53,1,0
BRDA:789,54,0,0
BRDA:798,55,0,0
BRDA:798,55,1,0
BRDA:810,56,0,0
BRDA:815,57,0,0
BRDA:815,57,1,0
BRDA:818,58,0,0
BRDA:818,58,1,0
BRDA:818,59,0,0
BRDA:818,59,1,0
BRDA:826,60,0,0
BRDA:826,60,1,0
BRDA:859,61,0,0
BRDA:859,61,1,0
BRDA:903,62,0,5
BRDA:922,63,0,5
BRDA:922,63,1,95
BRDA:942,64,0,25
BRDA:942,64,1,75
BRDA:943,65,0,25
BRDA:943,65,1,50
BRDA:944,66,0,25
BRDA:944,66,1,25
BRDA:945,67,0,15
BRDA:945,67,1,10
BRDA:963,68,0,5
BRDA:963,68,1,0
BRDA:970,69,0,0
BRDA:970,69,1,0
BRDA:972,70,0,0
BRDA:972,70,1,0
BRDA:972,71,0,0
BRDA:972,71,1,0
BRDA:985,72,0,0
BRDA:985,72,1,5
BRDA:985,73,0,5
BRDA:985,73,1,5
BRDA:1029,74,0,5
BRDA:1040,75,0,0
BRDA:1049,76,0,8
BRDA:1049,76,1,0
BRDA:1052,77,0,8
BRDA:1052,77,1,0
BRDA:1054,78,0,8
BRDA:1054,78,1,8
BRDA:1062,79,0,0
BRDA:1062,79,1,8
BRDA:1074,80,0,0
BRDA:1074,80,1,0
BRDA:1082,81,0,0
BRDA:1082,81,1,0
BRDA:1095,82,0,0
BRDA:1095,82,1,0
BRDA:1121,83,0,5
BRDA:1144,84,0,5
BRDA:1154,85,0,0
BRDA:1154,85,1,0
BRDA:1179,86,0,0
BRDA:1193,87,0,0
BRDA:1193,87,1,0
BRDA:1197,88,0,0
BRDA:1197,88,1,0
BRDA:1211,89,0,0
BRDA:1211,89,1,0
BRDA:1220,90,0,0
BRDA:1220,90,1,0
BRDA:1231,91,0,0
BRDA:1231,91,1,0
BRDA:1231,92,0,0
BRDA:1231,92,1,0
BRDA:1233,93,0,0
BRDA:1233,93,1,0
BRDA:1286,94,0,0
BRDA:1294,95,0,0
BRDA:1294,95,1,0
BRDA:1304,96,0,0
BRDA:1304,96,1,0
BRDA:1304,96,2,0
BRDA:1304,96,3,0
BRDA:1315,97,0,0
BRDA:1315,97,1,0
BRDA:1323,98,0,0
BRDA:1323,98,1,0
BRDA:1327,99,0,0
BRDA:1327,99,1,0
BRDA:1346,100,0,0
BRDA:1346,100,1,0
BRDA:1397,101,0,0
BRDA:1405,102,0,0
BRDA:1405,102,1,0
BRDA:1415,103,0,0
BRDA:1415,103,1,0
BRDA:1418,104,0,0
BRDA:1418,104,1,0
BRDA:1418,105,0,0
BRDA:1418,105,1,0
BRDA:1423,106,0,0
BRDA:1423,106,1,0
BRDA:1425,107,0,0
BRDA:1425,107,1,0
BRDA:1445,108,0,0
BRDA:1445,108,1,0
BRDA:1473,109,0,0
BRDA:1473,109,1,0
BRDA:1502,110,0,0
BRDA:1520,111,0,0
BRDA:1520,111,1,0
BRDA:1549,112,0,0
BRDA:1549,112,1,0
BRDA:1561,113,0,0
BRDA:1561,113,1,0
BRDA:1561,114,0,0
BRDA:1561,114,1,0
BRDA:1564,115,0,0
BRDA:1564,115,1,0
BRDA:1567,116,0,0
BRDA:1567,116,1,0
BRDA:1570,117,0,0
BRDA:1570,117,1,0
BRDA:1571,118,0,0
BRDA:1571,118,1,0
BRDA:1573,119,0,0
BRDA:1573,119,1,0
BRDA:1586,120,0,0
BRDA:1586,120,1,0
BRDA:1586,120,2,0
BRDA:1630,121,0,0
BRDA:1641,122,0,0
BRDA:1641,122,1,0
BRDA:1642,123,0,0
BRDA:1642,123,1,0
BRDA:1646,124,0,0
BRDA:1646,124,1,0
BRDA:1647,125,0,0
BRDA:1647,125,1,0
BRDA:1657,126,0,0
BRDA:1657,126,1,0
BRDA:1657,126,2,0
BRDA:1657,126,3,0
BRDA:1657,126,4,0
BRDA:1688,127,0,0
BRDA:1738,128,0,0
BRDA:1760,129,0,0
BRDA:1760,129,1,0
BRDA:1770,130,0,0
BRDA:1770,130,1,0
BRDA:1773,131,0,0
BRDA:1773,131,1,0
BRDA:1782,132,0,0
BRDA:1782,132,1,0
BRF:239
BRH:25
end_of_record
TN:
SF:src/engine.ts
FN:45,(anonymous_0)
FN:49,(anonymous_1)
FN:60,(anonymous_2)
FN:71,(anonymous_3)
FN:86,(anonymous_4)
FN:95,(anonymous_5)
FN:113,(anonymous_6)
FN:123,(anonymous_7)
FN:125,(anonymous_8)
FN:129,(anonymous_9)
FN:138,(anonymous_10)
FN:141,(anonymous_11)
FN:149,(anonymous_12)
FN:156,(anonymous_13)
FN:166,(anonymous_14)
FN:170,(anonymous_15)
FN:174,(anonymous_16)
FN:178,(anonymous_17)
FN:179,(anonymous_18)
FN:182,(anonymous_19)
FN:183,(anonymous_20)
FN:190,(anonymous_21)
FN:219,(anonymous_22)
FN:241,(anonymous_23)
FN:254,(anonymous_24)
FN:376,(anonymous_25)
FN:379,(anonymous_26)
FN:385,(anonymous_27)
FN:388,(anonymous_28)
FN:396,(anonymous_29)
FN:414,(anonymous_30)
FN:415,(anonymous_31)
FN:427,(anonymous_32)
FN:428,(anonymous_33)
FN:436,(anonymous_34)
FN:443,(anonymous_35)
FN:456,(anonymous_36)
FN:472,(anonymous_37)
FN:473,(anonymous_38)
FN:477,(anonymous_39)
FN:494,(anonymous_40)
FN:498,(anonymous_41)
FN:499,(anonymous_42)
FN:500,(anonymous_43)
FN:504,(anonymous_44)
FN:513,createGameEngine
FN:517,startGameEngine
FN:524,stopGameEngine
FN:533,on
FN:538,dispatch
FN:547,handleInput
FN:555,(anonymous_51)
FN:568,giveMoney
FN:570,(anonymous_53)
FN:579,giveResource
FN:581,(anonymous_55)
FN:591,playCard
FN:593,(anonymous_57)
FN:608,discardCard
FN:610,(anonymous_59)
FN:619,getHandCards
FN:621,(anonymous_61)
FN:627,getCurrentEnergy
FN:629,(anonymous_63)
FN:641,optimizeEngine
FN:647,(anonymous_65)
FN:657,reduceGraphicsQuality
FN:663,increaseQuality
FN:673,createAndRunGame
FN:681,(anonymous_69)
FNF:70
FNH:0
FNDA:0,(anonymous_0)
FNDA:0,(anonymous_1)
FNDA:0,(anonymous_2)
FNDA:0,(anonymous_3)
FNDA:0,(anonymous_4)
FNDA:0,(anonymous_5)
FNDA:0,(anonymous_6)
FNDA:0,(anonymous_7)
FNDA:0,(anonymous_8)
FNDA:0,(anonymous_9)
FNDA:0,(anonymous_10)
FNDA:0,(anonymous_11)
FNDA:0,(anonymous_12)
FNDA:0,(anonymous_13)
FNDA:0,(anonymous_14)
FNDA:0,(anonymous_15)
FNDA:0,(anonymous_16)
FNDA:0,(anonymous_17)
FNDA:0,(anonymous_18)
FNDA:0,(anonymous_19)
FNDA:0,(anonymous_20)
FNDA:0,(anonymous_21)
FNDA:0,(anonymous_22)
FNDA:0,(anonymous_23)
FNDA:0,(anonymous_24)
FNDA:0,(anonymous_25)
FNDA:0,(anonymous_26)
FNDA:0,(anonymous_27)
FNDA:0,(anonymous_28)
FNDA:0,(anonymous_29)
FNDA:0,(anonymous_30)
FNDA:0,(anonymous_31)
FNDA:0,(anonymous_32)
FNDA:0,(anonymous_33)
FNDA:0,(anonymous_34)
FNDA:0,(anonymous_35)
FNDA:0,(anonymous_36)
FNDA:0,(anonymous_37)
FNDA:0,(anonymous_38)
FNDA:0,(anonymous_39)
FNDA:0,(anonymous_40)
FNDA:0,(anonymous_41)
FNDA:0,(anonymous_42)
FNDA:0,(anonymous_43)
FNDA:0,(anonymous_44)
FNDA:0,createGameEngine
FNDA:0,startGameEngine
FNDA:0,stopGameEngine
FNDA:0,on
FNDA:0,dispatch
FNDA:0,handleInput
FNDA:0,(anonymous_51)
FNDA:0,giveMoney
FNDA:0,(anonymous_53)
FNDA:0,giveResource
FNDA:0,(anonymous_55)
FNDA:0,playCard
FNDA:0,(anonymous_57)
FNDA:0,discardCard
FNDA:0,(anonymous_59)
FNDA:0,getHandCards
FNDA:0,(anonymous_61)
FNDA:0,getCurrentEnergy
FNDA:0,(anonymous_63)
FNDA:0,optimizeEngine
FNDA:0,(anonymous_65)
FNDA:0,reduceGraphicsQuality
FNDA:0,increaseQuality
FNDA:0,createAndRunGame
FNDA:0,(anonymous_69)
DA:8,0
DA:15,0
DA:29,0
DA:33,0
DA:34,0
DA:35,0
DA:36,0
DA:37,0
DA:38,0
DA:39,0
DA:40,0
DA:43,0
DA:46,0
DA:50,0
DA:51,0
DA:53,0
DA:61,0
DA:62,0
DA:65,0
DA:68,0
DA:71,0
DA:72,0
DA:73,0
DA:74,0
DA:75,0
DA:76,0
DA:77,0
DA:78,0
DA:83,0
DA:87,0
DA:89,0
DA:90,0
DA:91,0
DA:92,0
DA:96,0
DA:98,0
DA:99,0
DA:100,0
DA:101,0
DA:103,0
DA:114,0
DA:115,0
DA:117,0
DA:124,0
DA:125,0
DA:130,0
DA:132,0
DA:133,0
DA:135,0
DA:137,0
DA:138,0
DA:142,0
DA:150,0
DA:151,0
DA:153,0
DA:157,0
DA:158,0
DA:159,0
DA:160,0
DA:162,0
DA:167,0
DA:171,0
DA:175,0
DA:179,0
DA:183,0
DA:191,0
DA:215,0
DA:216,0
DA:220,0
DA:237,0
DA:238,0
DA:242,0
DA:245,0
DA:248,0
DA:251,0
DA:255,0
DA:258,0
DA:293,0
DA:296,0
DA:331,0
DA:334,0
DA:369,0
DA:377,0
DA:379,0
DA:380,0
DA:384,0
DA:385,0
DA:387,0
DA:388,0
DA:389,0
DA:393,0
DA:397,0
DA:400,0
DA:401,0
DA:402,0
DA:403,0
DA:407,0
DA:415,0
DA:416,0
DA:417,0
DA:418,0
DA:419,0
DA:420,0
DA:421,0
DA:422,0
DA:428,0
DA:429,0
DA:443,0
DA:444,0
DA:447,0
DA:457,0
DA:459,0
DA:460,0
DA:461,0
DA:462,0
DA:463,0
DA:464,0
DA:465,0
DA:473,0
DA:474,0
DA:475,0
DA:476,0
DA:477,0
DA:478,0
DA:479,0
DA:480,0
DA:482,0
DA:486,0
DA:495,0
DA:499,0
DA:500,0
DA:505,0
DA:513,0
DA:514,0
DA:517,0
DA:518,0
DA:519,0
DA:520,0
DA:521,0
DA:524,0
DA:525,0
DA:526,0
DA:533,0
DA:535,0
DA:538,0
DA:540,0
DA:547,0
DA:548,0
DA:550,0
DA:551,0
DA:552,0
DA:553,0
DA:554,0
DA:555,0
DA:556,0
DA:557,0
DA:561,0
DA:568,0
DA:569,0
DA:570,0
DA:572,0
DA:573,0
DA:576,0
DA:579,0
DA:580,0
DA:581,0
DA:583,0
DA:584,0
DA:587,0
DA:591,0
DA:592,0
DA:593,0
DA:594,0
DA:596,0
DA:598,0
DA:599,0
DA:600,0
DA:601,0
DA:604,0
DA:608,0
DA:609,0
DA:610,0
DA:611,0
DA:613,0
DA:615,0
DA:619,0
DA:620,0
DA:621,0
DA:623,0
DA:627,0
DA:628,0
DA:629,0
DA:631,0
DA:641,0
DA:642,0
DA:644,0
DA:647,0
DA:649,0
DA:650,0
DA:654,0
DA:657,0
DA:659,0
DA:663,0
DA:665,0
DA:673,0
DA:674,0
DA:676,0
DA:677,0
DA:678,0
DA:681,0
DA:682,0
DA:683,0
DA:689,0
DA:691,0
DA:694,0
DA:695,0
DA:696,0
DA:704,0
DA:705,0
DA:706,0
DA:707,0
DA:709,0
DA:710,0
DA:711,0
DA:712,0
DA:713,0
DA:714,0
DA:715,0
DA:716,0
DA:717,0
DA:720,0
LF:231
LH:0
BRDA:50,0,0,0
BRDA:50,0,1,0
BRDA:72,1,0,0
BRDA:72,1,1,0
BRDA:72,2,0,0
BRDA:72,2,1,0
BRDA:76,3,0,0
BRDA:76,3,1,0
BRDA:87,4,0,0
BRDA:87,4,1,0
BRDA:96,5,0,0
BRDA:96,5,1,0
BRDA:99,6,0,0
BRDA:99,6,1,0
BRDA:114,7,0,0
BRDA:114,7,1,0
BRDA:124,8,0,0
BRDA:124,8,1,0
BRDA:130,9,0,0
BRDA:130,9,1,0
BRDA:153,10,0,0
BRDA:153,10,1,0
BRDA:158,11,0,0
BRDA:158,11,1,0
BRDA:162,12,0,0
BRDA:162,12,1,0
BRDA:171,13,0,0
BRDA:171,13,1,0
BRDA:416,14,0,0
BRDA:416,14,1,0
BRDA:417,15,0,0
BRDA:417,15,1,0
BRDA:420,16,0,0
BRDA:420,16,1,0
BRDA:429,17,0,0
BRDA:429,17,1,0
BRDA:474,18,0,0
BRDA:474,18,1,0
BRDA:479,19,0,0
BRDA:479,19,1,0
BRDA:505,20,0,0
BRDA:505,20,1,0
BRDA:505,20,2,0
BRDA:550,21,0,0
BRDA:550,21,1,0
BRDA:552,22,0,0
BRDA:552,22,1,0
BRDA:554,23,0,0
BRDA:554,23,1,0
BRDA:556,24,0,0
BRDA:556,24,1,0
BRDA:572,25,0,0
BRDA:572,25,1,0
BRDA:583,26,0,0
BRDA:583,26,1,0
BRDA:596,27,0,0
BRDA:596,27,1,0
BRDA:596,28,0,0
BRDA:596,28,1,0
BRDA:599,29,0,0
BRDA:599,29,1,0
BRDA:613,30,0,0
BRDA:613,30,1,0
BRDA:613,31,0,0
BRDA:613,31,1,0
BRDA:623,32,0,0
BRDA:623,32,1,0
BRDA:632,33,0,0
BRDA:632,33,1,0
BRDA:633,34,0,0
BRDA:633,34,1,0
BRDA:649,35,0,0
BRDA:649,35,1,0
BRDA:683,36,0,0
BRDA:683,36,1,0
BRDA:704,37,0,0
BRDA:704,37,1,0
BRDA:704,38,0,0
BRDA:704,38,1,0
BRDA:709,39,0,0
BRDA:709,39,1,0
BRF:81
BRH:0
end_of_record
TN:
SF:src/ui.ts
FN:34,(anonymous_1)
FN:44,(anonymous_2)
FN:62,(anonymous_3)
FN:64,(anonymous_4)
FN:70,(anonymous_5)
FN:76,(anonymous_6)
FN:82,(anonymous_7)
FN:88,(anonymous_8)
FN:94,(anonymous_9)
FN:107,(anonymous_10)
FN:115,(anonymous_11)
FN:125,(anonymous_12)
FN:134,(anonymous_13)
FN:155,(anonymous_14)
FN:168,(anonymous_15)
FN:172,(anonymous_16)
FN:173,(anonymous_17)
FN:180,(anonymous_18)
FN:204,(anonymous_19)
FN:205,(anonymous_20)
FN:212,(anonymous_21)
FN:226,(anonymous_22)
FN:227,(anonymous_23)
FN:234,(anonymous_24)
FN:246,(anonymous_25)
FN:247,(anonymous_26)
FN:254,(anonymous_27)
FN:269,(anonymous_28)
FN:270,(anonymous_29)
FN:277,(anonymous_30)
FN:292,(anonymous_31)
FN:293,(anonymous_32)
FN:301,(anonymous_33)
FN:302,(anonymous_34)
FN:317,(anonymous_35)
FN:363,(anonymous_36)
FN:369,(anonymous_37)
FN:374,(anonymous_38)
FN:387,(anonymous_39)
FN:401,(anonymous_40)
FN:421,(anonymous_41)
FN:422,(anonymous_42)
FN:443,(anonymous_43)
FN:444,(anonymous_44)
FN:458,(anonymous_45)
FN:467,(anonymous_46)
FN:482,(anonymous_47)
FN:503,(anonymous_48)
FN:539,(anonymous_49)
FN:556,(anonymous_50)
FN:572,(anonymous_51)
FN:581,(anonymous_52)
FN:612,(anonymous_53)
FN:621,(anonymous_54)
FN:652,(anonymous_55)
FN:657,(anonymous_56)
FN:673,(anonymous_57)
FN:679,(anonymous_58)
FN:700,(anonymous_59)
FN:723,(anonymous_60)
FN:735,(anonymous_61)
FN:740,(anonymous_62)
FN:757,(anonymous_63)
FN:761,(anonymous_64)
FN:776,(anonymous_65)
FN:785,(anonymous_66)
FN:803,(anonymous_67)
FN:810,(anonymous_68)
FN:827,(anonymous_69)
FN:832,(anonymous_70)
FN:837,(anonymous_71)
FN:846,(anonymous_72)
FNF:72
FNH:0
FNDA:0,(anonymous_1)
FNDA:0,(anonymous_2)
FNDA:0,(anonymous_3)
FNDA:0,(anonymous_4)
FNDA:0,(anonymous_5)
FNDA:0,(anonymous_6)
FNDA:0,(anonymous_7)
FNDA:0,(anonymous_8)
FNDA:0,(anonymous_9)
FNDA:0,(anonymous_10)
FNDA:0,(anonymous_11)
FNDA:0,(anonymous_12)
FNDA:0,(anonymous_13)
FNDA:0,(anonymous_14)
FNDA:0,(anonymous_15)
FNDA:0,(anonymous_16)
FNDA:0,(anonymous_17)
FNDA:0,(anonymous_18)
FNDA:0,(anonymous_19)
FNDA:0,(anonymous_20)
FNDA:0,(anonymous_21)
FNDA:0,(anonymous_22)
FNDA:0,(anonymous_23)
FNDA:0,(anonymous_24)
FNDA:0,(anonymous_25)
FNDA:0,(anonymous_26)
FNDA:0,(anonymous_27)
FNDA:0,(anonymous_28)
FNDA:0,(anonymous_29)
FNDA:0,(anonymous_30)
FNDA:0,(anonymous_31)
FNDA:0,(anonymous_32)
FNDA:0,(anonymous_33)
FNDA:0,(anonymous_34)
FNDA:0,(anonymous_35)
FNDA:0,(anonymous_36)
FNDA:0,(anonymous_37)
FNDA:0,(anonymous_38)
FNDA:0,(anonymous_39)
FNDA:0,(anonymous_40)
FNDA:0,(anonymous_41)
FNDA:0,(anonymous_42)
FNDA:0,(anonymous_43)
FNDA:0,(anonymous_44)
FNDA:0,(anonymous_45)
FNDA:0,(anonymous_46)
FNDA:0,(anonymous_47)
FNDA:0,(anonymous_48)
FNDA:0,(anonymous_49)
FNDA:0,(anonymous_50)
FNDA:0,(anonymous_51)
FNDA:0,(anonymous_52)
FNDA:0,(anonymous_53)
FNDA:0,(anonymous_54)
FNDA:0,(anonymous_55)
FNDA:0,(anonymous_56)
FNDA:0,(anonymous_57)
FNDA:0,(anonymous_58)
FNDA:0,(anonymous_59)
FNDA:0,(anonymous_60)
FNDA:0,(anonymous_61)
FNDA:0,(anonymous_62)
FNDA:0,(anonymous_63)
FNDA:0,(anonymous_64)
FNDA:0,(anonymous_65)
FNDA:0,(anonymous_66)
FNDA:0,(anonymous_67)
FNDA:0,(anonymous_68)
FNDA:0,(anonymous_69)
FNDA:0,(anonymous_70)
FNDA:0,(anonymous_71)
FNDA:0,(anonymous_72)
DA:9,0
DA:10,0
DA:11,0
DA:13,0
DA:15,0
DA:16,0
DA:22,0
DA:23,0
DA:26,0
DA:35,0
DA:36,0
DA:37,0
DA:45,0
DA:48,0
DA:51,0
DA:54,0
DA:56,0
DA:64,0
DA:65,0
DA:66,0
DA:70,0
DA:71,0
DA:72,0
DA:76,0
DA:77,0
DA:78,0
DA:82,0
DA:83,0
DA:84,0
DA:88,0
DA:89,0
DA:90,0
DA:94,0
DA:95,0
DA:96,0
DA:108,0
DA:109,0
DA:116,0
DA:118,0
DA:119,0
DA:125,0
DA:126,0
DA:127,0
DA:135,0
DA:137,0
DA:144,0
DA:145,0
DA:156,0
DA:157,0
DA:166,0
DA:167,0
DA:168,0
DA:169,0
DA:172,0
DA:173,0
DA:181,0
DA:182,0
DA:190,0
DA:201,0
DA:202,0
DA:204,0
DA:205,0
DA:213,0
DA:214,0
DA:222,0
DA:223,0
DA:224,0
DA:226,0
DA:227,0
DA:235,0
DA:236,0
DA:244,0
DA:246,0
DA:247,0
DA:255,0
DA:256,0
DA:264,0
DA:265,0
DA:266,0
DA:267,0
DA:269,0
DA:270,0
DA:278,0
DA:279,0
DA:287,0
DA:288,0
DA:289,0
DA:290,0
DA:292,0
DA:293,0
DA:302,0
DA:303,0
DA:307,0
DA:308,0
DA:309,0
DA:318,0
DA:320,0
DA:321,0
DA:324,0
DA:325,0
DA:328,0
DA:329,0
DA:332,0
DA:333,0
DA:336,0
DA:337,0
DA:340,0
DA:341,0
DA:344,0
DA:345,0
DA:348,0
DA:349,0
DA:352,0
DA:353,0
DA:355,0
DA:364,0
DA:366,0
DA:369,0
DA:370,0
DA:375,0
DA:376,0
DA:377,0
DA:380,0
DA:388,0
DA:391,0
DA:394,0
DA:402,0
DA:422,0
DA:424,0
DA:426,0
DA:427,0
DA:428,0
DA:431,0
DA:434,0
DA:437,0
DA:440,0
DA:444,0
DA:446,0
DA:448,0
DA:449,0
DA:451,0
DA:452,0
DA:453,0
DA:454,0
DA:455,0
DA:457,0
DA:458,0
DA:459,0
DA:460,0
DA:464,0
DA:468,0
DA:470,0
DA:471,0
DA:473,0
DA:474,0
DA:475,0
DA:476,0
DA:477,0
DA:479,0
DA:483,0
DA:484,0
DA:486,0
DA:487,0
DA:488,0
DA:489,0
DA:490,0
DA:491,0
DA:492,0
DA:493,0
DA:494,0
DA:495,0
DA:496,0
DA:504,0
DA:505,0
DA:506,0
DA:508,0
DA:509,0
DA:510,0
DA:511,0
DA:512,0
DA:514,0
DA:515,0
DA:516,0
DA:517,0
DA:519,0
DA:520,0
DA:521,0
DA:522,0
DA:523,0
DA:525,0
DA:526,0
DA:527,0
DA:528,0
DA:530,0
DA:532,0
DA:540,0
DA:541,0
DA:542,0
DA:544,0
DA:546,0
DA:547,0
DA:548,0
DA:549,0
DA:550,0
DA:551,0
DA:553,0
DA:555,0
DA:556,0
DA:557,0
DA:558,0
DA:559,0
DA:560,0
DA:561,0
DA:564,0
DA:565,0
DA:573,0
DA:574,0
DA:575,0
DA:578,0
DA:579,0
DA:580,0
DA:581,0
DA:582,0
DA:583,0
DA:585,0
DA:586,0
DA:587,0
DA:589,0
DA:590,0
DA:594,0
DA:597,0
DA:598,0
DA:599,0
DA:600,0
DA:601,0
DA:602,0
DA:604,0
DA:605,0
DA:613,0
DA:614,0
DA:615,0
DA:618,0
DA:619,0
DA:620,0
DA:621,0
DA:622,0
DA:623,0
DA:625,0
DA:626,0
DA:627,0
DA:629,0
DA:630,0
DA:634,0
DA:637,0
DA:638,0
DA:639,0
DA:640,0
DA:641,0
DA:642,0
DA:644,0
DA:645,0
DA:653,0
DA:654,0
DA:655,0
DA:657,0
DA:659,0
DA:661,0
DA:662,0
DA:663,0
DA:664,0
DA:665,0
DA:666,0
DA:668,0
DA:670,0
DA:671,0
DA:672,0
DA:673,0
DA:674,0
DA:676,0
DA:678,0
DA:679,0
DA:680,0
DA:681,0
DA:686,0
DA:689,0
DA:690,0
DA:692,0
DA:693,0
DA:701,0
DA:702,0
DA:703,0
DA:704,0
DA:707,0
DA:708,0
DA:710,0
DA:711,0
DA:714,0
DA:716,0
DA:724,0
DA:725,0
DA:726,0
DA:727,0
DA:730,0
DA:731,0
DA:732,0
DA:735,0
DA:736,0
DA:740,0
DA:741,0
DA:742,0
DA:745,0
DA:748,0
DA:750,0
DA:758,0
DA:761,0
DA:762,0
DA:763,0
DA:765,0
DA:769,0
DA:786,0
DA:787,0
DA:789,0
DA:791,0
DA:792,0
DA:793,0
DA:796,0
DA:804,0
DA:805,0
DA:807,0
DA:810,0
DA:811,0
DA:815,0
DA:816,0
DA:817,0
DA:818,0
DA:820,0
DA:829,0
DA:834,0
DA:839,0
DA:847,0
LF:340
LH:0
BRDA:107,0,0,0
BRDA:107,1,0,0
BRDA:116,2,0,0
BRDA:116,2,1,0
BRDA:116,3,0,0
BRDA:116,3,1,0
BRDA:135,4,0,0
BRDA:135,4,1,0
BRDA:201,5,0,0
BRDA:201,5,1,0
BRDA:307,6,0,0
BRDA:307,6,1,0
BRDA:318,7,0,0
BRDA:318,7,1,0
BRDA:318,7,2,0
BRDA:318,7,3,0
BRDA:318,7,4,0
BRDA:318,7,5,0
BRDA:318,7,6,0
BRDA:318,7,7,0
BRDA:318,7,8,0
BRDA:352,8,0,0
BRDA:352,8,1,0
BRDA:352,9,0,0
BRDA:352,9,1,0
BRDA:364,10,0,0
BRDA:364,10,1,0
BRDA:375,11,0,0
BRDA:375,11,1,0
BRDA:388,12,0,0
BRDA:388,12,1,0
BRDA:424,13,0,0
BRDA:424,13,1,0
BRDA:446,14,0,0
BRDA:446,14,1,0
BRDA:457,15,0,0
BRDA:457,15,1,0
BRDA:459,16,0,0
BRDA:459,16,1,0
BRDA:557,17,0,0
BRDA:557,17,1,0
BRDA:579,18,0,0
BRDA:579,18,1,0
BRDA:586,19,0,0
BRDA:586,19,1,0
BRDA:589,20,0,0
BRDA:589,20,1,0
BRDA:619,21,0,0
BRDA:619,21,1,0
BRDA:626,22,0,0
BRDA:626,22,1,0
BRDA:629,23,0,0
BRDA:629,23,1,0
BRDA:659,24,0,0
BRDA:659,24,1,0
BRDA:659,25,0,0
BRDA:659,25,1,0
BRDA:659,25,2,0
BRDA:671,26,0,0
BRDA:671,26,1,0
BRDA:676,27,0,0
BRDA:676,27,1,0
BRDA:680,28,0,0
BRDA:680,28,1,0
BRDA:762,29,0,0
BRDA:762,29,1,0
BRDA:762,30,0,0
BRDA:762,30,1,0
BRDA:791,31,0,0
BRDA:791,31,1,0
BRF:70
BRH:0
end_of_record
